#
# There is insufficient memory for the Java Runtime Environment to continue.
# Native memory allocation (malloc) failed to allocate 1063312 bytes for Chunk::new
# Possible reasons:
#   The system is out of physical RAM or swap space
#   In 32 bit mode, the process size limit was hit
# Possible solutions:
#   Reduce memory load on the system
#   Increase physical memory or swap space
#   Check if swap backing store is full
#   Use 64 bit Java on a 64 bit OS
#   Decrease Java heap size (-Xmx/-Xms)
#   Decrease number of Java threads
#   Decrease Java thread stack sizes (-Xss)
#   Set larger code cache with -XX:ReservedCodeCacheSize=
# This output file may be truncated or incomplete.
#
#  Out of Memory Error (allocation.cpp:390), pid=8544, tid=9512
#
# JRE version: Java(TM) SE Runtime Environment (8.0_73-b02) (build 1.8.0_73-b02)
# Java VM: Java HotSpot(TM) 64-Bit Server VM (25.73-b02 mixed mode windows-amd64 compressed oops)
# Failed to write core dump. Minidumps are not enabled by default on client versions of Windows
#

---------------  T H R E A D  ---------------

Current thread (0x0000000014968000):  JavaThread "C2 CompilerThread0" daemon [_thread_in_native, id=9512, stack(0x0000000015fb0000,0x00000000160b0000)]

Stack: [0x0000000015fb0000,0x00000000160b0000]
[error occurred during error reporting (printing stack bounds), id 0xc0000005]

Native frames: (J=compiled Java code, j=interpreted, Vv=VM code, C=native code)


Current CompileTask:
C2:   4416 1077   !   4       com.android.dx.cf.code.BytecodeArray::parseInstruction (2764 bytes)


---------------  P R O C E S S  ---------------

Java Threads: ( => current thread )
  0x00000000021a0800 JavaThread "DestroyJavaVM" [_thread_blocked, id=8120, stack(0x0000000001f00000,0x0000000002000000)]
  0x00000000161ba800 JavaThread "Service Thread" daemon [_thread_blocked, id=3244, stack(0x00000000166b0000,0x00000000167b0000)]
  0x00000000161b8800 JavaThread "C1 CompilerThread2" daemon [_thread_blocked, id=10104, stack(0x00000000165b0000,0x00000000166b0000)]
  0x00000000149bd800 JavaThread "C2 CompilerThread1" daemon [_thread_blocked, id=6040, stack(0x00000000160b0000,0x00000000161b0000)]
=>0x0000000014968000 JavaThread "C2 CompilerThread0" daemon [_thread_in_native, id=9512, stack(0x0000000015fb0000,0x00000000160b0000)]
  0x0000000014966800 JavaThread "Attach Listener" daemon [_thread_blocked, id=9900, stack(0x0000000015eb0000,0x0000000015fb0000)]
  0x0000000014965000 JavaThread "Signal Dispatcher" daemon [_thread_blocked, id=6724, stack(0x0000000015db0000,0x0000000015eb0000)]
  0x0000000002290000 JavaThread "Finalizer" daemon [_thread_blocked, id=1136, stack(0x0000000015bd0000,0x0000000015cd0000)]
  0x000000000228d000 JavaThread "Reference Handler" daemon [_thread_blocked, id=2116, stack(0x0000000015ad0000,0x0000000015bd0000)]

Other Threads:
  0x0000000014937000 VMThread [stack: 0x00000000159d0000,0x0000000015ad0000] [id=3176]
  0x00000000161c9800 WatcherThread [stack: 0x00000000167b0000,0x00000000168b0000] [id=1428]

VM state:not at safepoint (normal execution)

VM Mutex/Monitor currently owned by a thread: None

Heap:
 PSYoungGen      total 16896K, used 15383K [0x00000000eab00000, 0x00000000ebd80000, 0x0000000100000000)
  eden space 14848K, 90% used [0x00000000eab00000,0x00000000eb80de40,0x00000000eb980000)
  from space 2048K, 98% used [0x00000000eb980000,0x00000000ebb78020,0x00000000ebb80000)
  to   space 2048K, 0% used [0x00000000ebb80000,0x00000000ebb80000,0x00000000ebd80000)
 ParOldGen       total 38400K, used 2234K [0x00000000c0000000, 0x00000000c2580000, 0x00000000eab00000)
  object space 38400K, 5% used [0x00000000c0000000,0x00000000c022ead8,0x00000000c2580000)
 Metaspace       used 6354K, capacity 7064K, committed 7424K, reserved 1056768K
  class space    used 649K, capacity 656K, committed 768K, reserved 1048576K

Card table byte_map: [0x0000000011660000,0x0000000011870000] byte_map_base: 0x0000000011060000

Marking Bits: (ParMarkBitMap*) 0x0000000077f80600
 Begin Bits: [0x0000000011dd0000, 0x0000000012dd0000)
 End Bits:   [0x0000000012dd0000, 0x0000000013dd0000)

Polling page: 0x00000000001f0000

CodeCache: size=245760Kb used=4471Kb max_used=4486Kb free=241288Kb
 bounds [0x00000000022a0000, 0x0000000002710000, 0x00000000112a0000]
 total_blobs=1430 nmethods=1154 adapters=189
 compilation: disabled (not enough contiguous free space left)

Compilation events (10 events):
Event: 3.591 Thread 0x00000000161b8800 nmethod 1164 0x00000000026fe390 code [0x00000000026fe500, 0x00000000026fe6a8]
Event: 3.591 Thread 0x00000000161b8800 1165       2       com.android.dx.dex.code.OutputFinisher::findOpcodeForInsn (51 bytes)
Event: 3.592 Thread 0x00000000161b8800 nmethod 1165 0x00000000026fe750 code [0x00000000026fe8e0, 0x00000000026fec38]
Event: 3.592 Thread 0x00000000161b8800 1166       2       com.android.dx.dex.code.DalvInsn::setAddress (20 bytes)
Event: 3.593 Thread 0x00000000161b8800 nmethod 1166 0x00000000026fef50 code [0x00000000026ff0c0, 0x00000000026ff2c8]
Event: 3.593 Thread 0x00000000161b8800 1167       2       com.android.dx.dex.code.DalvInsnList::set (7 bytes)
Event: 3.593 Thread 0x00000000161b8800 nmethod 1167 0x00000000026ff390 code [0x00000000026ff540, 0x00000000026ff9a8]
Event: 3.593 Thread 0x00000000161b8800 1168       2       com.android.dx.dex.code.LocalList$MakeState::filterSpec (24 bytes)
Event: 3.596 Thread 0x00000000161b8800 

Event: 3.615 Thread 0x00000000149bd800 


GC Heap History (2 events):
Event: 3.182 GC heap before
{Heap before GC invocations=1 (full 0):
 PSYoungGen      total 16896K, used 14848K [0x00000000eab00000, 0x00000000ebd80000, 0x0000000100000000)
  eden space 14848K, 100% used [0x00000000eab00000,0x00000000eb980000,0x00000000eb980000)
  from space 2048K, 0% used [0x00000000ebb80000,0x00000000ebb80000,0x00000000ebd80000)
  to   space 2048K, 0% used [0x00000000eb980000,0x00000000eb980000,0x00000000ebb80000)
 ParOldGen       total 38400K, used 0K [0x00000000c0000000, 0x00000000c2580000, 0x00000000eab00000)
  object space 38400K, 0% used [0x00000000c0000000,0x00000000c0000000,0x00000000c2580000)
 Metaspace       used 5755K, capacity 6768K, committed 7040K, reserved 1056768K
  class space    used 593K, capacity 616K, committed 640K, reserved 1048576K
Event: 3.195 GC heap after
Heap after GC invocations=1 (full 0):
 PSYoungGen      total 16896K, used 2016K [0x00000000eab00000, 0x00000000ebd80000, 0x0000000100000000)
  eden space 14848K, 0% used [0x00000000eab00000,0x00000000eab00000,0x00000000eb980000)
  from space 2048K, 98% used [0x00000000eb980000,0x00000000ebb78020,0x00000000ebb80000)
  to   space 2048K, 0% used [0x00000000ebb80000,0x00000000ebb80000,0x00000000ebd80000)
 ParOldGen       total 38400K, used 2234K [0x00000000c0000000, 0x00000000c2580000, 0x00000000eab00000)
  object space 38400K, 5% used [0x00000000c0000000,0x00000000c022ead8,0x00000000c2580000)
 Metaspace       used 5755K, capacity 6768K, committed 7040K, reserved 1056768K
  class space    used 593K, capacity 616K, committed 640K, reserved 1048576K
}

Deoptimization events (10 events):
Event: 3.538 Thread 0x0000000016420000 Uncommon trap: reason=bimorphic action=maybe_recompile pc=0x0000000002626be0 method=java.util.HashMap.putVal(ILjava/lang/Object;Ljava/lang/Object;ZZ)Ljava/lang/Object; @ 91
Event: 3.538 Thread 0x0000000016420000 Uncommon trap: reason=bimorphic action=maybe_recompile pc=0x0000000002626be0 method=java.util.HashMap.putVal(ILjava/lang/Object;Ljava/lang/Object;ZZ)Ljava/lang/Object; @ 91
Event: 3.538 Thread 0x0000000016420000 Uncommon trap: reason=bimorphic action=maybe_recompile pc=0x0000000002626be0 method=java.util.HashMap.putVal(ILjava/lang/Object;Ljava/lang/Object;ZZ)Ljava/lang/Object; @ 91
Event: 3.538 Thread 0x0000000016420000 Uncommon trap: reason=bimorphic action=maybe_recompile pc=0x0000000002626be0 method=java.util.HashMap.putVal(ILjava/lang/Object;Ljava/lang/Object;ZZ)Ljava/lang/Object; @ 91
Event: 3.538 Thread 0x0000000016420000 Uncommon trap: reason=bimorphic action=maybe_recompile pc=0x0000000002623b74 method=java.util.HashMap.putVal(ILjava/lang/Object;Ljava/lang/Object;ZZ)Ljava/lang/Object; @ 91
Event: 3.558 Thread 0x0000000016420000 Uncommon trap: reason=bimorphic action=maybe_recompile pc=0x00000000024bb004 method=java.util.HashMap.getNode(ILjava/lang/Object;)Ljava/util/HashMap$Node; @ 126
Event: 3.606 Thread 0x0000000016420000 Uncommon trap: reason=speculate_class_check action=maybe_recompile pc=0x00000000026bd278 method=com.android.dx.util.FixedSizeList.equals(Ljava/lang/Object;)Z @ 25
Event: 3.606 Thread 0x0000000016420000 Uncommon trap: reason=speculate_class_check action=maybe_recompile pc=0x00000000026bd278 method=com.android.dx.util.FixedSizeList.equals(Ljava/lang/Object;)Z @ 25
Event: 3.621 Thread 0x0000000016420000 Uncommon trap: reason=speculate_class_check action=maybe_recompile pc=0x00000000026bd278 method=com.android.dx.util.FixedSizeList.equals(Ljava/lang/Object;)Z @ 25
Event: 3.621 Thread 0x0000000016420000 Uncommon trap: reason=speculate_class_check action=maybe_recompile pc=0x00000000026bd278 method=com.android.dx.util.FixedSizeList.equals(Ljava/lang/Object;)Z @ 25

Internal exceptions (2 events):
Event: 0.790 Thread 0x00000000021a0800 Exception <a 'java/lang/NoSuchMethodError': Method sun.misc.Unsafe.defineClass(Ljava/lang/String;[BII)Ljava/lang/Class; name or signature does not match> (0x00000000eab0d1b0) thrown at [D:\re\puppet\workspace\8-2-build-windows-amd64-cygwin\jdk8u73\6086\hot¶kåLHé?
Event: 0.790 Thread 0x00000000021a0800 Exception <a 'java/lang/NoSuchMethodError': Method sun.misc.Unsafe.prefetchRead(Ljava/lang/Object;J)V name or signature does not match> (0x00000000eab0d498) thrown at [D:\re\puppet\workspace\8-2-build-windows-amd64-cygwin\jdk8u73\6086\hotspot\src\share\vm\

Events (10 events):
Event: 3.727 loading class sun/misc/FloatingDecimal$1
Event: 3.727 loading class sun/misc/FloatingDecimal$1 done
Event: 3.727 loading class sun/misc/FloatingDecimal$PreparedASCIIToBinaryBuffer
Event: 3.727 loading class sun/misc/FloatingDecimal$ASCIIToBinaryConverter
Event: 3.727 loading class sun/misc/FloatingDecimal$ASCIIToBinaryConverter done
Event: 3.727 loading class sun/misc/FloatingDecimal$PreparedASCIIToBinaryBuffer done
Event: 3.727 loading class sun/misc/FDBigInteger
Event: 3.727 loading class sun/misc/FDBigInteger done
Event: 3.729 loading class sun/security/jca/ProviderList$2
Event: 3.729 loading class sun/security/jca/ProviderList$2 done


Dynamic libraries:
0x00007ff632390000 - 0x00007ff6323c7000 	C:\Program Files\Java\jdk1.8.0_73\bin\java.exe
0x00007ffb7fc80000 - 0x00007ffb7fe41000 	C:\WINDOWS\SYSTEM32\ntdll.dll
0x00007ffb7ee90000 - 0x00007ffb7ef3d000 	C:\WINDOWS\system32\KERNEL32.DLL
0x00007ffb7c5e0000 - 0x00007ffb7c7c8000 	C:\WINDOWS\system32\KERNELBASE.dll
0x00007ffb7e880000 - 0x00007ffb7e927000 	C:\WINDOWS\system32\ADVAPI32.dll
0x00007ffb7f230000 - 0x00007ffb7f2cd000 	C:\WINDOWS\system32\msvcrt.dll
0x00007ffb7ea40000 - 0x00007ffb7ea9b000 	C:\WINDOWS\system32\sechost.dll
0x00007ffb7ef40000 - 0x00007ffb7f05c000 	C:\WINDOWS\system32\RPCRT4.dll
0x00007ffb7d150000 - 0x00007ffb7d2a6000 	C:\WINDOWS\system32\USER32.dll
0x00007ffb7f2d0000 - 0x00007ffb7f456000 	C:\WINDOWS\system32\GDI32.dll
0x00007ffb6e750000 - 0x00007ffb6e9c4000 	C:\WINDOWS\WinSxS\amd64_microsoft.windows.common-controls_6595b64144ccf1df_6.0.10586.0_none_8c15ae12515e1c22\COMCTL32.dll
0x00007ffb7f460000 - 0x00007ffb7f6dd000 	C:\WINDOWS\system32\combase.dll
0x00007ffb7c8d0000 - 0x00007ffb7c93a000 	C:\WINDOWS\system32\bcryptPrimitives.dll
0x00007ffb7f1e0000 - 0x00007ffb7f21b000 	C:\WINDOWS\system32\IMM32.DLL
0x0000000050120000 - 0x00000000501f2000 	C:\Program Files\Java\jdk1.8.0_73\jre\bin\msvcr100.dll
0x0000000077770000 - 0x0000000078000000 	C:\Program Files\Java\jdk1.8.0_73\jre\bin\server\jvm.dll
0x00007ffb7f220000 - 0x00007ffb7f228000 	C:\WINDOWS\system32\PSAPI.DLL
0x00007ffb75010000 - 0x00007ffb75019000 	C:\WINDOWS\SYSTEM32\WSOCK32.dll
0x00007ffb7ee20000 - 0x00007ffb7ee8b000 	C:\WINDOWS\system32\WS2_32.dll
0x00007ffb79c70000 - 0x00007ffb79c93000 	C:\WINDOWS\SYSTEM32\WINMM.dll
0x00007ffb7a830000 - 0x00007ffb7a83a000 	C:\WINDOWS\SYSTEM32\VERSION.dll
0x00007ffb79b80000 - 0x00007ffb79bac000 	C:\WINDOWS\SYSTEM32\WINMMBASE.dll
0x00007ffb7c7d0000 - 0x00007ffb7c813000 	C:\WINDOWS\system32\cfgmgr32.dll
0x0000000050620000 - 0x000000005062f000 	C:\Program Files\Java\jdk1.8.0_73\jre\bin\verify.dll
0x00000000505f0000 - 0x0000000050619000 	C:\Program Files\Java\jdk1.8.0_73\jre\bin\java.dll
0x00000000505d0000 - 0x00000000505e6000 	C:\Program Files\Java\jdk1.8.0_73\jre\bin\zip.dll
0x00007ffb7d320000 - 0x00007ffb7e87c000 	C:\WINDOWS\system32\SHELL32.dll
0x00007ffb7c940000 - 0x00007ffb7cf84000 	C:\WINDOWS\system32\windows.storage.dll
0x00007ffb7edc0000 - 0x00007ffb7ee12000 	C:\WINDOWS\system32\shlwapi.dll
0x00007ffb7c2a0000 - 0x00007ffb7c2af000 	C:\WINDOWS\system32\kernel.appcore.dll
0x00007ffb7c330000 - 0x00007ffb7c3e5000 	C:\WINDOWS\system32\shcore.dll
0x00007ffb7c2b0000 - 0x00007ffb7c2fb000 	C:\WINDOWS\system32\powrprof.dll
0x00007ffb7c300000 - 0x00007ffb7c314000 	C:\WINDOWS\system32\profapi.dll

VM Arguments:
jvm_args: -Djava.awt.headless=true -Xmx1024M -Dfile.encoding=windows-1252 -Duser.country=US -Duser.language=en -Duser.variant 
java_command: com.android.dx.command.Main --dex --force-jumbo --num-threads=4 --multi-dex --output D:\Project\AndroidStudio\kalbespgmobile\app\build\intermediates\transforms\dex\debug\folders\1000\8\json-simple-1.1.1_97affb2e36f41478553b6620b6e869cb04bc02b2 D:\Project\AndroidStudio\kalbespgmobile\app\build\intermediates\exploded-aar\kalbespgmobile\salesForceLibrary\unspecified\jars\libs\json-simple-1.1.1.jar
java_class_path (initial): D:\Software\sdk\build-tools\23.0.3\lib\dx.jar
Launcher Type: SUN_STANDARD

Environment Variables:
PATH=C:\Program Files\Git\cmd
USERNAME=ASUS ZE
OS=Windows_NT
PROCESSOR_IDENTIFIER=AMD64 Family 21 Model 48 Stepping 1, AuthenticAMD



---------------  S Y S T E M  ---------------

OS: Windows 10.0 , 64 bit Build 10586 (10.0.10586.0)

CPU:total 4 (4 cores per cpu, 1 threads per core) family 21 model 48 stepping 1, cmov, cx8, fxsr, mmx, sse, sse2, sse3, ssse3, sse4.1, sse4.2, popcnt, avx, aes, clmul, mmxext, 3dnowpref, lzcnt, sse4a, tsc, tscinvbit, tscinv, bmi1

Memory: 4k page, physical 3617956k(425668k free), swap 6044836k(40452k free)

vm_info: Java HotSpot(TM) 64-Bit Server VM (25.73-b02) for windows-amd64 JRE (1.8.0_73-b02), built on Jan 29 2016 17:38:49 by "java_re" with MS VC++ 10.0 (VS2010)

time: Tue Jun 14 10:36:55 2016
elapsed time: 10 seconds (0d 0h 0m 10s)

