#
# There is insufficient memory for the Java Runtime Environment to continue.
# Native memory allocation (malloc) failed to allocate 32784 bytes for Chunk::new
# Possible reasons:
#   The system is out of physical RAM or swap space
#   In 32 bit mode, the process size limit was hit
# Possible solutions:
#   Reduce memory load on the system
#   Increase physical memory or swap space
#   Check if swap backing store is full
#   Use 64 bit Java on a 64 bit OS
#   Decrease Java heap size (-Xmx/-Xms)
#   Decrease number of Java threads
#   Decrease Java thread stack sizes (-Xss)
#   Set larger code cache with -XX:ReservedCodeCacheSize=
# This output file may be truncated or incomplete.
#
#  Out of Memory Error (allocation.cpp:390), pid=8384, tid=6588
#
# JRE version: Java(TM) SE Runtime Environment (8.0_73-b02) (build 1.8.0_73-b02)
# Java VM: Java HotSpot(TM) 64-Bit Server VM (25.73-b02 mixed mode windows-amd64 compressed oops)
# Failed to write core dump. Minidumps are not enabled by default on client versions of Windows
#

---------------  T H R E A D  ---------------

Current thread (0x00000000149bb800):  JavaThread "C2 CompilerThread1" daemon [_thread_in_native, id=6588, stack(0x00000000160c0000,0x00000000161c0000)]

Stack: [0x00000000160c0000,0x00000000161c0000]
[error occurred during error reporting (printing stack bounds), id 0xc0000005]

Native frames: (J=compiled Java code, j=interpreted, Vv=VM code, C=native code)


Current CompileTask:
C2:  15488 1245       4       com.android.dx.ssa.SsaMethod::isRegALocal (90 bytes)


---------------  P R O C E S S  ---------------

Java Threads: ( => current thread )
  0x0000000016436800 JavaThread "pool-2-thread-2" [_thread_in_Java, id=10852, stack(0x0000000016ac0000,0x0000000016bc0000)]
  0x0000000016427800 JavaThread "pool-3-thread-1" [_thread_blocked, id=5276, stack(0x00000000169c0000,0x0000000016ac0000)]
  0x00000000163e1800 JavaThread "pool-2-thread-1" [_thread_in_Java, id=6412, stack(0x00000000168c0000,0x00000000169c0000)]
  0x00000000162c3800 JavaThread "Service Thread" daemon [_thread_blocked, id=8900, stack(0x00000000166c0000,0x00000000167c0000)]
  0x00000000149c6800 JavaThread "C1 CompilerThread2" daemon [_thread_blocked, id=5168, stack(0x00000000161c0000,0x00000000162c0000)]
=>0x00000000149bb800 JavaThread "C2 CompilerThread1" daemon [_thread_in_native, id=6588, stack(0x00000000160c0000,0x00000000161c0000)]
  0x0000000014968000 JavaThread "C2 CompilerThread0" daemon [_thread_in_native, id=10836, stack(0x0000000015fc0000,0x00000000160c0000)]
  0x0000000014966800 JavaThread "Attach Listener" daemon [_thread_blocked, id=2280, stack(0x0000000015ec0000,0x0000000015fc0000)]
  0x0000000014965800 JavaThread "Signal Dispatcher" daemon [_thread_blocked, id=6004, stack(0x0000000015dc0000,0x0000000015ec0000)]
  0x0000000002290000 JavaThread "Finalizer" daemon [_thread_blocked, id=11004, stack(0x0000000015be0000,0x0000000015ce0000)]
  0x000000000228d000 JavaThread "Reference Handler" daemon [_thread_blocked, id=5628, stack(0x0000000015ae0000,0x0000000015be0000)]
  0x00000000021a0800 JavaThread "main" [_thread_blocked, id=7184, stack(0x0000000001ec0000,0x0000000001fc0000)]

Other Threads:
  0x0000000014937000 VMThread [stack: 0x00000000159e0000,0x0000000015ae0000] [id=4136]
  0x00000000162c9800 WatcherThread [stack: 0x00000000167c0000,0x00000000168c0000] [id=7604]

VM state:not at safepoint (normal execution)

VM Mutex/Monitor currently owned by a thread: None

Heap:
 PSYoungGen      total 31744K, used 5786K [0x00000000eab00000, 0x00000000ecc00000, 0x0000000100000000)
  eden space 29696K, 19% used [0x00000000eab00000,0x00000000eb0a6a08,0x00000000ec800000)
  from space 2048K, 0% used [0x00000000ec800000,0x00000000ec800000,0x00000000eca00000)
  to   space 2048K, 0% used [0x00000000eca00000,0x00000000eca00000,0x00000000ecc00000)
 ParOldGen       total 65536K, used 28829K [0x00000000c0000000, 0x00000000c4000000, 0x00000000eab00000)
  object space 65536K, 43% used [0x00000000c0000000,0x00000000c1c27738,0x00000000c4000000)
 Metaspace       used 5743K, capacity 6832K, committed 7040K, reserved 1056768K
  class space    used 586K, capacity 616K, committed 640K, reserved 1048576K

Card table byte_map: [0x0000000011660000,0x0000000011870000] byte_map_base: 0x0000000011060000

Marking Bits: (ParMarkBitMap*) 0x0000000077f80600
 Begin Bits: [0x0000000011dd0000, 0x0000000012dd0000)
 End Bits:   [0x0000000012dd0000, 0x0000000013dd0000)

Polling page: 0x00000000001f0000

CodeCache: size=245760Kb used=5235Kb max_used=5246Kb free=240524Kb
 bounds [0x00000000022a0000, 0x00000000027d0000, 0x00000000112a0000]
 total_blobs=1483 nmethods=1222 adapters=175
 compilation: enabled

Compilation events (10 events):
Event: 15.390 Thread 0x0000000014968000 nmethod 1233 0x00000000027973d0 code [0x0000000002797500, 0x0000000002797598]
Event: 15.408 Thread 0x00000000149bb800 nmethod 1234 0x00000000027c5e50 code [0x00000000027c61c0, 0x00000000027c7598]
Event: 15.458 Thread 0x0000000014968000 1241       4       com.android.dx.ssa.SsaMethod::computeReachability (131 bytes)
Event: 15.467 Thread 0x00000000149bb800 1242       4       com.android.dx.util.ListIntSet$1::hasNext (23 bytes)
Event: 15.468 Thread 0x00000000149bb800 nmethod 1242 0x00000000027a3690 code [0x00000000027a37c0, 0x00000000027a3858]
Event: 15.468 Thread 0x00000000149bb800 1243       4       com.android.dx.util.ListIntSet::iterator (9 bytes)
Event: 15.470 Thread 0x00000000149bb800 nmethod 1243 0x00000000027ad8d0 code [0x00000000027ada20, 0x00000000027adaf8]
Event: 15.470 Thread 0x00000000149bb800 1244       4       com.android.dx.util.ListIntSet$1::next (37 bytes)
Event: 15.472 Thread 0x00000000149bb800 nmethod 1244 0x00000000027ad550 code [0x00000000027ad6a0, 0x00000000027ad778]
Event: 15.472 Thread 0x00000000149bb800 1245       4       com.android.dx.ssa.SsaMethod::isRegALocal (90 bytes)

GC Heap History (10 events):
Event: 7.053 GC heap before
{Heap before GC invocations=2 (full 0):
 PSYoungGen      total 16896K, used 16866K [0x00000000eab00000, 0x00000000ebd80000, 0x0000000100000000)
  eden space 14848K, 100% used [0x00000000eab00000,0x00000000eb980000,0x00000000eb980000)
  from space 2048K, 98% used [0x00000000eb980000,0x00000000ebb78918,0x00000000ebb80000)
  to   space 2048K, 0% used [0x00000000ebb80000,0x00000000ebb80000,0x00000000ebd80000)
 ParOldGen       total 38400K, used 2117K [0x00000000c0000000, 0x00000000c2580000, 0x00000000eab00000)
  object space 38400K, 5% used [0x00000000c0000000,0x00000000c0211430,0x00000000c2580000)
 Metaspace       used 5689K, capacity 6832K, committed 7040K, reserved 1056768K
  class space    used 582K, capacity 616K, committed 640K, reserved 1048576K
Event: 7.384 GC heap after
Heap after GC invocations=2 (full 0):
 PSYoungGen      total 16896K, used 2019K [0x00000000eab00000, 0x00000000ecc00000, 0x0000000100000000)
  eden space 14848K, 0% used [0x00000000eab00000,0x00000000eab00000,0x00000000eb980000)
  from space 2048K, 98% used [0x00000000ebb80000,0x00000000ebd78fb8,0x00000000ebd80000)
  to   space 2048K, 0% used [0x00000000eb980000,0x00000000eb980000,0x00000000ebb80000)
 ParOldGen       total 38400K, used 7606K [0x00000000c0000000, 0x00000000c2580000, 0x00000000eab00000)
  object space 38400K, 19% used [0x00000000c0000000,0x00000000c076d878,0x00000000c2580000)
 Metaspace       used 5689K, capacity 6832K, committed 7040K, reserved 1056768K
  class space    used 582K, capacity 616K, committed 640K, reserved 1048576K
}
Event: 9.185 GC heap before
{Heap before GC invocations=3 (full 0):
 PSYoungGen      total 16896K, used 16867K [0x00000000eab00000, 0x00000000ecc00000, 0x0000000100000000)
  eden space 14848K, 100% used [0x00000000eab00000,0x00000000eb980000,0x00000000eb980000)
  from space 2048K, 98% used [0x00000000ebb80000,0x00000000ebd78fb8,0x00000000ebd80000)
  to   space 2048K, 0% used [0x00000000eb980000,0x00000000eb980000,0x00000000ebb80000)
 ParOldGen       total 38400K, used 7606K [0x00000000c0000000, 0x00000000c2580000, 0x00000000eab00000)
  object space 38400K, 19% used [0x00000000c0000000,0x00000000c076d878,0x00000000c2580000)
 Metaspace       used 5705K, capacity 6832K, committed 7040K, reserved 1056768K
  class space    used 582K, capacity 616K, committed 640K, reserved 1048576K
Event: 10.062 GC heap after
Heap after GC invocations=3 (full 0):
 PSYoungGen      total 16896K, used 2019K [0x00000000eab00000, 0x00000000ecc00000, 0x0000000100000000)
  eden space 14848K, 0% used [0x00000000eab00000,0x00000000eab00000,0x00000000eb980000)
  from space 2048K, 98% used [0x00000000eb980000,0x00000000ebb78fb8,0x00000000ebb80000)
  to   space 2048K, 0% used [0x00000000eca00000,0x00000000eca00000,0x00000000ecc00000)
 ParOldGen       total 38400K, used 13664K [0x00000000c0000000, 0x00000000c2580000, 0x00000000eab00000)
  object space 38400K, 35% used [0x00000000c0000000,0x00000000c0d58278,0x00000000c2580000)
 Metaspace       used 5705K, capacity 6832K, committed 7040K, reserved 1056768K
  class space    used 582K, capacity 616K, committed 640K, reserved 1048576K
}
Event: 10.105 GC heap before
{Heap before GC invocations=4 (full 0):
 PSYoungGen      total 16896K, used 16867K [0x00000000eab00000, 0x00000000ecc00000, 0x0000000100000000)
  eden space 14848K, 100% used [0x00000000eab00000,0x00000000eb980000,0x00000000eb980000)
  from space 2048K, 98% used [0x00000000eb980000,0x00000000ebb78fb8,0x00000000ebb80000)
  to   space 2048K, 0% used [0x00000000eca00000,0x00000000eca00000,0x00000000ecc00000)
 ParOldGen       total 38400K, used 13664K [0x00000000c0000000, 0x00000000c2580000, 0x00000000eab00000)
  object space 38400K, 35% used [0x00000000c0000000,0x00000000c0d58278,0x00000000c2580000)
 Metaspace       used 5714K, capacity 6832K, committed 7040K, reserved 1056768K
  class space    used 582K, capacity 616K, committed 640K, reserved 1048576K
Event: 10.180 GC heap after
Heap after GC invocations=4 (full 0):
 PSYoungGen      total 31744K, used 2033K [0x00000000eab00000, 0x00000000ecc00000, 0x0000000100000000)
  eden space 29696K, 0% used [0x00000000eab00000,0x00000000eab00000,0x00000000ec800000)
  from space 2048K, 99% used [0x00000000eca00000,0x00000000ecbfc700,0x00000000ecc00000)
  to   space 2048K, 0% used [0x00000000ec800000,0x00000000ec800000,0x00000000eca00000)
 ParOldGen       total 38400K, used 24411K [0x00000000c0000000, 0x00000000c2580000, 0x00000000eab00000)
  object space 38400K, 63% used [0x00000000c0000000,0x00000000c17d6d30,0x00000000c2580000)
 Metaspace       used 5714K, capacity 6832K, committed 7040K, reserved 1056768K
  class space    used 582K, capacity 616K, committed 640K, reserved 1048576K
}
Event: 12.383 GC heap before
{Heap before GC invocations=5 (full 0):
 PSYoungGen      total 31744K, used 31729K [0x00000000eab00000, 0x00000000ecc00000, 0x0000000100000000)
  eden space 29696K, 100% used [0x00000000eab00000,0x00000000ec800000,0x00000000ec800000)
  from space 2048K, 99% used [0x00000000eca00000,0x00000000ecbfc700,0x00000000ecc00000)
  to   space 2048K, 0% used [0x00000000ec800000,0x00000000ec800000,0x00000000eca00000)
 ParOldGen       total 38400K, used 24411K [0x00000000c0000000, 0x00000000c2580000, 0x00000000eab00000)
  object space 38400K, 63% used [0x00000000c0000000,0x00000000c17d6d30,0x00000000c2580000)
 Metaspace       used 5740K, capacity 6832K, committed 7040K, reserved 1056768K
  class space    used 586K, capacity 616K, committed 640K, reserved 1048576K
Event: 12.763 GC heap after
Heap after GC invocations=5 (full 0):
 PSYoungGen      total 31744K, used 2022K [0x00000000eab00000, 0x00000000ecc00000, 0x0000000100000000)
  eden space 29696K, 0% used [0x00000000eab00000,0x00000000eab00000,0x00000000ec800000)
  from space 2048K, 98% used [0x00000000ec800000,0x00000000ec9f98c8,0x00000000eca00000)
  to   space 2048K, 0% used [0x00000000eca00000,0x00000000eca00000,0x00000000ecc00000)
 ParOldGen       total 38400K, used 37294K [0x00000000c0000000, 0x00000000c2580000, 0x00000000eab00000)
  object space 38400K, 97% used [0x00000000c0000000,0x00000000c246bbc8,0x00000000c2580000)
 Metaspace       used 5740K, capacity 6832K, committed 7040K, reserved 1056768K
  class space    used 586K, capacity 616K, committed 640K, reserved 1048576K
}
Event: 12.764 GC heap before
{Heap before GC invocations=6 (full 1):
 PSYoungGen      total 31744K, used 2022K [0x00000000eab00000, 0x00000000ecc00000, 0x0000000100000000)
  eden space 29696K, 0% used [0x00000000eab00000,0x00000000eab00000,0x00000000ec800000)
  from space 2048K, 98% used [0x00000000ec800000,0x00000000ec9f98c8,0x00000000eca00000)
  to   space 2048K, 0% used [0x00000000eca00000,0x00000000eca00000,0x00000000ecc00000)
 ParOldGen       total 38400K, used 37294K [0x00000000c0000000, 0x00000000c2580000, 0x00000000eab00000)
  object space 38400K, 97% used [0x00000000c0000000,0x00000000c246bbc8,0x00000000c2580000)
 Metaspace       used 5740K, capacity 6832K, committed 7040K, reserved 1056768K
  class space    used 586K, capacity 616K, committed 640K, reserved 1048576K
Event: 15.252 GC heap after
Heap after GC invocations=6 (full 1):
 PSYoungGen      total 31744K, used 0K [0x00000000eab00000, 0x00000000ecc00000, 0x0000000100000000)
  eden space 29696K, 0% used [0x00000000eab00000,0x00000000eab00000,0x00000000ec800000)
  from space 2048K, 0% used [0x00000000ec800000,0x00000000ec800000,0x00000000eca00000)
  to   space 2048K, 0% used [0x00000000eca00000,0x00000000eca00000,0x00000000ecc00000)
 ParOldGen       total 65536K, used 28829K [0x00000000c0000000, 0x00000000c4000000, 0x00000000eab00000)
  object space 65536K, 43% used [0x00000000c0000000,0x00000000c1c27738,0x00000000c4000000)
 Metaspace       used 5740K, capacity 6832K, committed 7040K, reserved 1056768K
  class space    used 586K, capacity 616K, committed 640K, reserved 1048576K
}

Deoptimization events (10 events):
Event: 3.546 Thread 0x0000000016436800 Uncommon trap: reason=class_check action=maybe_recompile pc=0x000000000245caa0 method=java.util.HashMap.getNode(ILjava/lang/Object;)Ljava/util/HashMap$Node; @ 126
Event: 4.655 Thread 0x00000000021a0800 Uncommon trap: reason=unstable_if action=reinterpret pc=0x0000000002497000 method=java.util.HashMap.getNode(ILjava/lang/Object;)Ljava/util/HashMap$Node; @ 62
Event: 5.276 Thread 0x00000000021a0800 Uncommon trap: reason=unstable_if action=reinterpret pc=0x000000000245b424 method=java.util.HashMap.getNode(ILjava/lang/Object;)Ljava/util/HashMap$Node; @ 62
Event: 5.280 Thread 0x00000000163e1800 Uncommon trap: reason=null_check action=make_not_entrant pc=0x000000000258eb8c method=com.android.dx.ssa.SsaRenamer.getLocalForNewReg(I)Lcom/android/dx/rop/code/LocalItem; @ 19
Event: 5.320 Thread 0x0000000016436800 Uncommon trap: reason=bimorphic action=maybe_recompile pc=0x0000000002589c08 method=java.util.HashMap.getNode(ILjava/lang/Object;)Ljava/util/HashMap$Node; @ 126
Event: 5.321 Thread 0x0000000016436800 Uncommon trap: reason=bimorphic action=maybe_recompile pc=0x0000000002589c08 method=java.util.HashMap.getNode(ILjava/lang/Object;)Ljava/util/HashMap$Node; @ 126
Event: 5.383 Thread 0x00000000021a0800 Uncommon trap: reason=unstable_if action=reinterpret pc=0x0000000002563430 method=java.util.BitSet.ensureCapacity(I)V @ 6
Event: 7.714 Thread 0x0000000016436800 Uncommon trap: reason=class_check action=maybe_recompile pc=0x00000000026e15ac method=com.android.dx.cf.code.BytecodeArray.parseInstruction(ILcom/android/dx/cf/code/BytecodeArray$Visitor;)I @ 987
Event: 8.918 Thread 0x00000000163e1800 Uncommon trap: reason=class_check action=maybe_recompile pc=0x00000000026e15ac method=com.android.dx.cf.code.BytecodeArray.parseInstruction(ILcom/android/dx/cf/code/BytecodeArray$Visitor;)I @ 987
Event: 11.688 Thread 0x0000000016520800 Uncommon trap: reason=unstable_if action=reinterpret pc=0x0000000002759584 method=com.android.dx.rop.code.InsnList.contentEquals(Lcom/android/dx/rop/code/InsnList;)Z @ 25

Internal exceptions (3 events):
Event: 0.595 Thread 0x00000000021a0800 Exception <a 'java/lang/NoSuchMethodError': Method sun.misc.Unsafe.defineClass(Ljava/lang/String;[BII)Ljava/lang/Class; name or signature does not match> (0x00000000eab0d280) thrown at [D:\re\puppet\workspace\8-2-build-windows-amd64-cygwin\jdk8u73\6086\hotø'ÿ‘√„?
Event: 0.595 Thread 0x00000000021a0800 Exception <a 'java/lang/NoSuchMethodError': Method sun.misc.Unsafe.prefetchRead(Ljava/lang/Object;J)V name or signature does not match> (0x00000000eab0d568) thrown at [D:\re\puppet\workspace\8-2-build-windows-amd64-cygwin\jdk8u73\6086\hotspot\src\share\vm\òk"≥ª@
Event: 5.280 Thread 0x00000000163e1800 Implicit null exception at 0x000000000258d725 to 0x000000000258eb75

Events (10 events):
Event: 12.383 Executing VM operation: ParallelGCFailedAllocation
Event: 15.252 Executing VM operation: ParallelGCFailedAllocation done
Event: 15.265 Executing VM operation: RevokeBias
Event: 15.265 Executing VM operation: RevokeBias done
Event: 15.275 Thread 0x0000000016436800 DEOPT PACKING pc=0x00000000025a206d sp=0x0000000016bbe890
Event: 15.275 Thread 0x0000000016436800 DEOPT UNPACKING pc=0x00000000022e747f sp=0x0000000016bbe670 mode 0
Event: 15.282 Thread 0x0000000016436800 DEOPT PACKING pc=0x00000000025a206d sp=0x0000000016bbe990
Event: 15.282 Thread 0x0000000016436800 DEOPT UNPACKING pc=0x00000000022e747f sp=0x0000000016bbe770 mode 0
Event: 15.458 Thread 0x0000000016436800 DEOPT PACKING pc=0x0000000002644f91 sp=0x0000000016bbe8d0
Event: 15.458 Thread 0x0000000016436800 DEOPT UNPACKING pc=0x00000000022e747f sp=0x0000000016bbe698 mode 0


Dynamic libraries:
0x00007ff6129f0000 - 0x00007ff612a27000 	C:\Program Files\Java\jdk1.8.0_73\bin\java.exe
0x00007ffb7fc80000 - 0x00007ffb7fe41000 	C:\WINDOWS\SYSTEM32\ntdll.dll
0x00007ffb7ee90000 - 0x00007ffb7ef3d000 	C:\WINDOWS\system32\KERNEL32.DLL
0x00007ffb7c5e0000 - 0x00007ffb7c7c8000 	C:\WINDOWS\system32\KERNELBASE.dll
0x00007ffb7e880000 - 0x00007ffb7e927000 	C:\WINDOWS\system32\ADVAPI32.dll
0x00007ffb7f230000 - 0x00007ffb7f2cd000 	C:\WINDOWS\system32\msvcrt.dll
0x00007ffb7ea40000 - 0x00007ffb7ea9b000 	C:\WINDOWS\system32\sechost.dll
0x00007ffb7ef40000 - 0x00007ffb7f05c000 	C:\WINDOWS\system32\RPCRT4.dll
0x00007ffb7d150000 - 0x00007ffb7d2a6000 	C:\WINDOWS\system32\USER32.dll
0x00007ffb7f2d0000 - 0x00007ffb7f456000 	C:\WINDOWS\system32\GDI32.dll
0x00007ffb6e750000 - 0x00007ffb6e9c4000 	C:\WINDOWS\WinSxS\amd64_microsoft.windows.common-controls_6595b64144ccf1df_6.0.10586.0_none_8c15ae12515e1c22\COMCTL32.dll
0x00007ffb7f460000 - 0x00007ffb7f6dd000 	C:\WINDOWS\system32\combase.dll
0x00007ffb7c8d0000 - 0x00007ffb7c93a000 	C:\WINDOWS\system32\bcryptPrimitives.dll
0x00007ffb7f1e0000 - 0x00007ffb7f21b000 	C:\WINDOWS\system32\IMM32.DLL
0x0000000050120000 - 0x00000000501f2000 	C:\Program Files\Java\jdk1.8.0_73\jre\bin\msvcr100.dll
0x0000000077770000 - 0x0000000078000000 	C:\Program Files\Java\jdk1.8.0_73\jre\bin\server\jvm.dll
0x00007ffb7f220000 - 0x00007ffb7f228000 	C:\WINDOWS\system32\PSAPI.DLL
0x00007ffb76b40000 - 0x00007ffb76b49000 	C:\WINDOWS\SYSTEM32\WSOCK32.dll
0x00007ffb7ee20000 - 0x00007ffb7ee8b000 	C:\WINDOWS\system32\WS2_32.dll
0x00007ffb79c70000 - 0x00007ffb79c93000 	C:\WINDOWS\SYSTEM32\WINMM.dll
0x00007ffb7a830000 - 0x00007ffb7a83a000 	C:\WINDOWS\SYSTEM32\VERSION.dll
0x00007ffb79b80000 - 0x00007ffb79bac000 	C:\WINDOWS\SYSTEM32\WINMMBASE.dll
0x00007ffb7c7d0000 - 0x00007ffb7c813000 	C:\WINDOWS\system32\cfgmgr32.dll
0x0000000050620000 - 0x000000005062f000 	C:\Program Files\Java\jdk1.8.0_73\jre\bin\verify.dll
0x00000000505f0000 - 0x0000000050619000 	C:\Program Files\Java\jdk1.8.0_73\jre\bin\java.dll
0x00000000505d0000 - 0x00000000505e6000 	C:\Program Files\Java\jdk1.8.0_73\jre\bin\zip.dll
0x00007ffb7d320000 - 0x00007ffb7e87c000 	C:\WINDOWS\system32\SHELL32.dll
0x00007ffb7c940000 - 0x00007ffb7cf84000 	C:\WINDOWS\system32\windows.storage.dll
0x00007ffb7edc0000 - 0x00007ffb7ee12000 	C:\WINDOWS\system32\shlwapi.dll
0x00007ffb7c2a0000 - 0x00007ffb7c2af000 	C:\WINDOWS\system32\kernel.appcore.dll
0x00007ffb7c330000 - 0x00007ffb7c3e5000 	C:\WINDOWS\system32\shcore.dll
0x00007ffb7c2b0000 - 0x00007ffb7c2fb000 	C:\WINDOWS\system32\powrprof.dll
0x00007ffb7c300000 - 0x00007ffb7c314000 	C:\WINDOWS\system32\profapi.dll

VM Arguments:
jvm_args: -Djava.awt.headless=true -Xmx1024M -Dfile.encoding=windows-1252 -Duser.country=US -Duser.language=en -Duser.variant 
java_command: com.android.dx.command.Main --dex --force-jumbo --num-threads=4 --multi-dex --output D:\Project\AndroidStudio\kalbespgmobile\app\build\intermediates\transforms\dex\debug\folders\1000\5\slice_7 D:\Project\AndroidStudio\kalbespgmobile\app\build\intermediates\transforms\instantRunSlicer\debug\folders\1\5\slice_7
java_class_path (initial): D:\Software\sdk\build-tools\23.0.3\lib\dx.jar
Launcher Type: SUN_STANDARD

Environment Variables:
PATH=C:\Program Files\Git\cmd
USERNAME=ASUS ZE
OS=Windows_NT
PROCESSOR_IDENTIFIER=AMD64 Family 21 Model 48 Stepping 1, AuthenticAMD



---------------  S Y S T E M  ---------------

OS: Windows 10.0 , 64 bit Build 10586 (10.0.10586.0)

CPU:total 4 (4 cores per cpu, 1 threads per core) family 21 model 48 stepping 1, cmov, cx8, fxsr, mmx, sse, sse2, sse3, ssse3, sse4.1, sse4.2, popcnt, avx, aes, clmul, mmxext, 3dnowpref, lzcnt, sse4a, tsc, tscinvbit, tscinv, bmi1

Memory: 4k page, physical 3617956k(313376k free), swap 6044836k(5120k free)

vm_info: Java HotSpot(TM) 64-Bit Server VM (25.73-b02) for windows-amd64 JRE (1.8.0_73-b02), built on Jan 29 2016 17:38:49 by "java_re" with MS VC++ 10.0 (VS2010)

time: Mon Jun 13 15:02:21 2016
elapsed time: 15 seconds (0d 0h 0m 15s)

