#
# There is insufficient memory for the Java Runtime Environment to continue.
# Native memory allocation (malloc) failed to allocate 579296 bytes for Chunk::new
# Possible reasons:
#   The system is out of physical RAM or swap space
#   In 32 bit mode, the process size limit was hit
# Possible solutions:
#   Reduce memory load on the system
#   Increase physical memory or swap space
#   Check if swap backing store is full
#   Use 64 bit Java on a 64 bit OS
#   Decrease Java heap size (-Xmx/-Xms)
#   Decrease number of Java threads
#   Decrease Java thread stack sizes (-Xss)
#   Set larger code cache with -XX:ReservedCodeCacheSize=
# This output file may be truncated or incomplete.
#
#  Out of Memory Error (allocation.cpp:390), pid=7676, tid=9812
#
# JRE version: Java(TM) SE Runtime Environment (8.0_73-b02) (build 1.8.0_73-b02)
# Java VM: Java HotSpot(TM) 64-Bit Server VM (25.73-b02 mixed mode windows-amd64 compressed oops)
# Failed to write core dump. Minidumps are not enabled by default on client versions of Windows
#

---------------  T H R E A D  ---------------

Current thread (0x00000000149c5800):  JavaThread "C2 CompilerThread1" daemon [_thread_in_native, id=9812, stack(0x00000000160a0000,0x00000000161a0000)]

Stack: [0x00000000160a0000,0x00000000161a0000]
[error occurred during error reporting (printing stack bounds), id 0xc0000005]

Native frames: (J=compiled Java code, j=interpreted, Vv=VM code, C=native code)


Current CompileTask:
C2:   9578 1048       4       com.android.dx.cf.code.RopperMachine::getSources (264 bytes)


---------------  P R O C E S S  ---------------

Java Threads: ( => current thread )
  0x0000000016510000 JavaThread "pool-2-thread-4" [_thread_blocked, id=6296, stack(0x0000000016ca0000,0x0000000016da0000)]
  0x00000000164f0800 JavaThread "pool-2-thread-3" [_thread_in_Java, id=4252, stack(0x0000000016ba0000,0x0000000016ca0000)]
  0x00000000163e0000 JavaThread "pool-2-thread-2" [_thread_blocked, id=7900, stack(0x0000000016aa0000,0x0000000016ba0000)]
  0x00000000163c6000 JavaThread "pool-3-thread-1" [_thread_blocked, id=1404, stack(0x00000000169a0000,0x0000000016aa0000)]
  0x00000000163c5000 JavaThread "pool-2-thread-1" [_thread_in_Java, id=6984, stack(0x00000000168a0000,0x00000000169a0000)]
  0x00000000162a3800 JavaThread "Service Thread" daemon [_thread_blocked, id=9296, stack(0x00000000166a0000,0x00000000167a0000)]
  0x00000000149c8000 JavaThread "C1 CompilerThread2" daemon [_thread_blocked, id=11076, stack(0x00000000161a0000,0x00000000162a0000)]
=>0x00000000149c5800 JavaThread "C2 CompilerThread1" daemon [_thread_in_native, id=9812, stack(0x00000000160a0000,0x00000000161a0000)]
  0x0000000014967800 JavaThread "C2 CompilerThread0" daemon [_thread_in_vm, id=5600, stack(0x0000000015fa0000,0x00000000160a0000)]
  0x0000000014966000 JavaThread "Attach Listener" daemon [_thread_blocked, id=9988, stack(0x0000000015ea0000,0x0000000015fa0000)]
  0x0000000014965000 JavaThread "Signal Dispatcher" daemon [_thread_blocked, id=6332, stack(0x0000000015da0000,0x0000000015ea0000)]
  0x0000000002290000 JavaThread "Finalizer" daemon [_thread_blocked, id=7192, stack(0x0000000015bc0000,0x0000000015cc0000)]
  0x000000000228d000 JavaThread "Reference Handler" daemon [_thread_blocked, id=768, stack(0x0000000015ac0000,0x0000000015bc0000)]
  0x00000000021a0800 JavaThread "main" [_thread_in_native, id=5732, stack(0x0000000001f80000,0x0000000002080000)]

Other Threads:
  0x0000000014937000 VMThread [stack: 0x00000000159c0000,0x0000000015ac0000] [id=4560]
  0x00000000162a7000 WatcherThread [stack: 0x00000000167a0000,0x00000000168a0000] [id=5844]

VM state:not at safepoint (normal execution)

VM Mutex/Monitor currently owned by a thread: None

Heap:
 PSYoungGen      total 16896K, used 7907K [0x00000000eab00000, 0x00000000ebd80000, 0x0000000100000000)
  eden space 14848K, 39% used [0x00000000eab00000,0x00000000eb0bc5c0,0x00000000eb980000)
  from space 2048K, 99% used [0x00000000eb980000,0x00000000ebb7c908,0x00000000ebb80000)
  to   space 2048K, 0% used [0x00000000ebb80000,0x00000000ebb80000,0x00000000ebd80000)
 ParOldGen       total 38400K, used 1731K [0x00000000c0000000, 0x00000000c2580000, 0x00000000eab00000)
  object space 38400K, 4% used [0x00000000c0000000,0x00000000c01b0c30,0x00000000c2580000)
 Metaspace       used 5641K, capacity 6768K, committed 7040K, reserved 1056768K
  class space    used 576K, capacity 616K, committed 640K, reserved 1048576K

Card table byte_map: [0x0000000011660000,0x0000000011870000] byte_map_base: 0x0000000011060000

Marking Bits: (ParMarkBitMap*) 0x0000000077f80600
 Begin Bits: [0x0000000011dd0000, 0x0000000012dd0000)
 End Bits:   [0x0000000012dd0000, 0x0000000013dd0000)

Polling page: 0x00000000001f0000

CodeCache: size=245760Kb used=4513Kb max_used=4533Kb free=241246Kb
 bounds [0x00000000022a0000, 0x0000000002720000, 0x00000000112a0000]
 total_blobs=1307 nmethods=1047 adapters=174
 compilation: enabled

Compilation events (10 events):
Event: 9.481 Thread 0x00000000149c8000 nmethod 1042 0x00000000026f54d0 code [0x00000000026f5620, 0x00000000026f5770]
Event: 9.482 Thread 0x00000000149c5800 1044       4       com.android.dx.cf.code.LineNumberList::pcToLine (73 bytes)
Event: 9.486 Thread 0x00000000149c5800 nmethod 1044 0x00000000026f50d0 code [0x00000000026f5220, 0x00000000026f5358]
Event: 9.486 Thread 0x00000000149c5800 1045       4       com.android.dx.rop.code.SourcePosition::<init> (50 bytes)
Event: 9.487 Thread 0x00000000149c5800 nmethod 1045 0x00000000026b2690 code [0x00000000026b27c0, 0x00000000026b2878]
Event: 9.489 Thread 0x00000000149c5800 1046       4       com.android.dx.cf.code.ValueAwareMachine::run (1142 bytes)
Event: 9.545 Thread 0x00000000149c5800 nmethod 1046 0x0000000002705b50 code [0x00000000027065e0, 0x0000000002707930]
Event: 9.545 Thread 0x00000000149c5800 1047       4       com.android.dx.cf.code.BaseMachine::storeResults (90 bytes)
Event: 9.555 Thread 0x00000000149c5800 nmethod 1047 0x00000000026f4590 code [0x00000000026f4720, 0x00000000026f4b68]
Event: 9.555 Thread 0x00000000149c5800 1048       4       com.android.dx.cf.code.RopperMachine::getSources (264 bytes)

GC Heap History (2 events):
Event: 6.062 GC heap before
{Heap before GC invocations=1 (full 0):
 PSYoungGen      total 16896K, used 14848K [0x00000000eab00000, 0x00000000ebd80000, 0x0000000100000000)
  eden space 14848K, 100% used [0x00000000eab00000,0x00000000eb980000,0x00000000eb980000)
  from space 2048K, 0% used [0x00000000ebb80000,0x00000000ebb80000,0x00000000ebd80000)
  to   space 2048K, 0% used [0x00000000eb980000,0x00000000eb980000,0x00000000ebb80000)
 ParOldGen       total 38400K, used 0K [0x00000000c0000000, 0x00000000c2580000, 0x00000000eab00000)
  object space 38400K, 0% used [0x00000000c0000000,0x00000000c0000000,0x00000000c2580000)
 Metaspace       used 5591K, capacity 6768K, committed 7040K, reserved 1056768K
  class space    used 574K, capacity 616K, committed 640K, reserved 1048576K
Event: 6.072 GC heap after
Heap after GC invocations=1 (full 0):
 PSYoungGen      total 16896K, used 2034K [0x00000000eab00000, 0x00000000ebd80000, 0x0000000100000000)
  eden space 14848K, 0% used [0x00000000eab00000,0x00000000eab00000,0x00000000eb980000)
  from space 2048K, 99% used [0x00000000eb980000,0x00000000ebb7c908,0x00000000ebb80000)
  to   space 2048K, 0% used [0x00000000ebb80000,0x00000000ebb80000,0x00000000ebd80000)
 ParOldGen       total 38400K, used 1731K [0x00000000c0000000, 0x00000000c2580000, 0x00000000eab00000)
  object space 38400K, 4% used [0x00000000c0000000,0x00000000c01b0c30,0x00000000c2580000)
 Metaspace       used 5591K, capacity 6768K, committed 7040K, reserved 1056768K
  class space    used 574K, capacity 616K, committed 640K, reserved 1048576K
}

Deoptimization events (10 events):
Event: 8.880 Thread 0x00000000164f0800 Uncommon trap: reason=unstable_if action=reinterpret pc=0x00000000026945e0 method=com.android.dx.rop.code.RegisterSpec.equals(ILcom/android/dx/rop/type/TypeBearer;Lcom/android/dx/rop/code/LocalItem;)Z @ 16
Event: 8.906 Thread 0x00000000164f0800 Uncommon trap: reason=unstable_if action=reinterpret pc=0x0000000002696bdc method=com.android.dx.rop.code.RegisterSpec.equals(ILcom/android/dx/rop/type/TypeBearer;Lcom/android/dx/rop/code/LocalItem;)Z @ 16
Event: 8.923 Thread 0x00000000164f0800 Uncommon trap: reason=class_check action=maybe_recompile pc=0x00000000026e50c0 method=java.util.HashMap.putVal(ILjava/lang/Object;Ljava/lang/Object;ZZ)Ljava/lang/Object; @ 203
Event: 8.924 Thread 0x00000000164f0800 Uncommon trap: reason=bimorphic action=maybe_recompile pc=0x0000000002505748 method=java.util.HashMap.getNode(ILjava/lang/Object;)Ljava/util/HashMap$Node; @ 126
Event: 8.924 Thread 0x00000000164f0800 Uncommon trap: reason=bimorphic action=maybe_recompile pc=0x0000000002505748 method=java.util.HashMap.getNode(ILjava/lang/Object;)Ljava/util/HashMap$Node; @ 126
Event: 8.926 Thread 0x00000000164f0800 Uncommon trap: reason=class_check action=maybe_recompile pc=0x00000000026b6c54 method=com.android.dx.ssa.NormalSsaInsn.accept(Lcom/android/dx/ssa/SsaInsn$Visitor;)V @ 9
Event: 8.926 Thread 0x00000000164f0800 Uncommon trap: reason=class_check action=maybe_recompile pc=0x00000000026b6c54 method=com.android.dx.ssa.NormalSsaInsn.accept(Lcom/android/dx/ssa/SsaInsn$Visitor;)V @ 9
Event: 8.927 Thread 0x00000000164f0800 Uncommon trap: reason=class_check action=maybe_recompile pc=0x00000000026b6c54 method=com.android.dx.ssa.NormalSsaInsn.accept(Lcom/android/dx/ssa/SsaInsn$Visitor;)V @ 9
Event: 8.927 Thread 0x00000000164f0800 Uncommon trap: reason=class_check action=maybe_recompile pc=0x00000000026b6c54 method=com.android.dx.ssa.NormalSsaInsn.accept(Lcom/android/dx/ssa/SsaInsn$Visitor;)V @ 9
Event: 8.928 Thread 0x00000000164f0800 Uncommon trap: reason=unstable_if action=reinterpret pc=0x0000000002655aec method=com.android.dx.rop.code.RegisterSpec.equals(ILcom/android/dx/rop/type/TypeBearer;Lcom/android/dx/rop/code/LocalItem;)Z @ 16

Internal exceptions (3 events):
Event: 0.448 Thread 0x00000000021a0800 Exception <a 'java/lang/NoSuchMethodError': Method sun.misc.Unsafe.defineClass(Ljava/lang/String;[BII)Ljava/lang/Class; name or signature does not match> (0x00000000eab0d280) thrown at [D:\re\puppet\workspace\8-2-build-windows-amd64-cygwin\jdk8u73\6086\hot9J-1³¥Ü?
Event: 0.448 Thread 0x00000000021a0800 Exception <a 'java/lang/NoSuchMethodError': Method sun.misc.Unsafe.prefetchRead(Ljava/lang/Object;J)V name or signature does not match> (0x00000000eab0d568) thrown at [D:\re\puppet\workspace\8-2-build-windows-amd64-cygwin\jdk8u73\6086\hotspot\src\share\vm\Ûhï¡!@
Event: 8.816 Thread 0x00000000164f0800 Implicit null exception at 0x000000000266f3cc to 0x0000000002670181

Events (10 events):
Event: 8.926 Thread 0x00000000164f0800 DEOPT UNPACKING pc=0x00000000022e582a sp=0x0000000016c9e350 mode 2
Event: 8.927 Thread 0x00000000164f0800 Uncommon trap: trap_request=0xffffffde fr.pc=0x00000000026b6c54
Event: 8.927 Thread 0x00000000164f0800 DEOPT PACKING pc=0x00000000026b6c54 sp=0x0000000016c9e660
Event: 8.927 Thread 0x00000000164f0800 DEOPT UNPACKING pc=0x00000000022e582a sp=0x0000000016c9e630 mode 2
Event: 8.927 Thread 0x00000000164f0800 Uncommon trap: trap_request=0xffffffde fr.pc=0x00000000026b6c54
Event: 8.927 Thread 0x00000000164f0800 DEOPT PACKING pc=0x00000000026b6c54 sp=0x0000000016c9e660
Event: 8.928 Thread 0x00000000164f0800 DEOPT UNPACKING pc=0x00000000022e582a sp=0x0000000016c9e630 mode 2
Event: 8.928 Thread 0x00000000164f0800 Uncommon trap: trap_request=0xffffff65 fr.pc=0x0000000002655aec
Event: 8.928 Thread 0x00000000164f0800 DEOPT PACKING pc=0x0000000002655aec sp=0x0000000016c9e6d0
Event: 8.928 Thread 0x00000000164f0800 DEOPT UNPACKING pc=0x00000000022e582a sp=0x0000000016c9e3e0 mode 2


Dynamic libraries:
0x00007ff6129f0000 - 0x00007ff612a27000 	C:\Program Files\Java\jdk1.8.0_73\bin\java.exe
0x00007ffb7fc80000 - 0x00007ffb7fe41000 	C:\WINDOWS\SYSTEM32\ntdll.dll
0x00007ffb7ee90000 - 0x00007ffb7ef3d000 	C:\WINDOWS\system32\KERNEL32.DLL
0x00007ffb7c5e0000 - 0x00007ffb7c7c8000 	C:\WINDOWS\system32\KERNELBASE.dll
0x00007ffb7e880000 - 0x00007ffb7e927000 	C:\WINDOWS\system32\ADVAPI32.dll
0x00007ffb7f230000 - 0x00007ffb7f2cd000 	C:\WINDOWS\system32\msvcrt.dll
0x00007ffb7ea40000 - 0x00007ffb7ea9b000 	C:\WINDOWS\system32\sechost.dll
0x00007ffb7ef40000 - 0x00007ffb7f05c000 	C:\WINDOWS\system32\RPCRT4.dll
0x00007ffb7d150000 - 0x00007ffb7d2a6000 	C:\WINDOWS\system32\USER32.dll
0x00007ffb7f2d0000 - 0x00007ffb7f456000 	C:\WINDOWS\system32\GDI32.dll
0x00007ffb6e750000 - 0x00007ffb6e9c4000 	C:\WINDOWS\WinSxS\amd64_microsoft.windows.common-controls_6595b64144ccf1df_6.0.10586.0_none_8c15ae12515e1c22\COMCTL32.dll
0x00007ffb7f460000 - 0x00007ffb7f6dd000 	C:\WINDOWS\system32\combase.dll
0x00007ffb7c8d0000 - 0x00007ffb7c93a000 	C:\WINDOWS\system32\bcryptPrimitives.dll
0x00007ffb7f1e0000 - 0x00007ffb7f21b000 	C:\WINDOWS\system32\IMM32.DLL
0x0000000050120000 - 0x00000000501f2000 	C:\Program Files\Java\jdk1.8.0_73\jre\bin\msvcr100.dll
0x0000000077770000 - 0x0000000078000000 	C:\Program Files\Java\jdk1.8.0_73\jre\bin\server\jvm.dll
0x00007ffb7f220000 - 0x00007ffb7f228000 	C:\WINDOWS\system32\PSAPI.DLL
0x00007ffb76b40000 - 0x00007ffb76b49000 	C:\WINDOWS\SYSTEM32\WSOCK32.dll
0x00007ffb7ee20000 - 0x00007ffb7ee8b000 	C:\WINDOWS\system32\WS2_32.dll
0x00007ffb79c70000 - 0x00007ffb79c93000 	C:\WINDOWS\SYSTEM32\WINMM.dll
0x00007ffb7a830000 - 0x00007ffb7a83a000 	C:\WINDOWS\SYSTEM32\VERSION.dll
0x00007ffb79b80000 - 0x00007ffb79bac000 	C:\WINDOWS\SYSTEM32\WINMMBASE.dll
0x00007ffb7c7d0000 - 0x00007ffb7c813000 	C:\WINDOWS\system32\cfgmgr32.dll
0x0000000050620000 - 0x000000005062f000 	C:\Program Files\Java\jdk1.8.0_73\jre\bin\verify.dll
0x00000000505f0000 - 0x0000000050619000 	C:\Program Files\Java\jdk1.8.0_73\jre\bin\java.dll
0x00000000505d0000 - 0x00000000505e6000 	C:\Program Files\Java\jdk1.8.0_73\jre\bin\zip.dll
0x00007ffb7d320000 - 0x00007ffb7e87c000 	C:\WINDOWS\system32\SHELL32.dll
0x00007ffb7c940000 - 0x00007ffb7cf84000 	C:\WINDOWS\system32\windows.storage.dll
0x00007ffb7edc0000 - 0x00007ffb7ee12000 	C:\WINDOWS\system32\shlwapi.dll
0x00007ffb7c2a0000 - 0x00007ffb7c2af000 	C:\WINDOWS\system32\kernel.appcore.dll
0x00007ffb7c330000 - 0x00007ffb7c3e5000 	C:\WINDOWS\system32\shcore.dll
0x00007ffb7c2b0000 - 0x00007ffb7c2fb000 	C:\WINDOWS\system32\powrprof.dll
0x00007ffb7c300000 - 0x00007ffb7c314000 	C:\WINDOWS\system32\profapi.dll

VM Arguments:
jvm_args: -Djava.awt.headless=true -Xmx1024M -Dfile.encoding=windows-1252 -Duser.country=US -Duser.language=en -Duser.variant 
java_command: com.android.dx.command.Main --dex --force-jumbo --num-threads=4 --multi-dex --output D:\Project\AndroidStudio\kalbespgmobile\app\build\intermediates\transforms\dex\debug\folders\1000\5\slice_7 D:\Project\AndroidStudio\kalbespgmobile\app\build\intermediates\transforms\instantRunSlicer\debug\folders\1\5\slice_7
java_class_path (initial): D:\Software\sdk\build-tools\23.0.3\lib\dx.jar
Launcher Type: SUN_STANDARD

Environment Variables:
PATH=C:\Program Files\Git\cmd
USERNAME=ASUS ZE
OS=Windows_NT
PROCESSOR_IDENTIFIER=AMD64 Family 21 Model 48 Stepping 1, AuthenticAMD



---------------  S Y S T E M  ---------------

OS: Windows 10.0 , 64 bit Build 10586 (10.0.10586.0)

CPU:total 4 (4 cores per cpu, 1 threads per core) family 21 model 48 stepping 1, cmov, cx8, fxsr, mmx, sse, sse2, sse3, ssse3, sse4.1, sse4.2, popcnt, avx, aes, clmul, mmxext, 3dnowpref, lzcnt, sse4a, tsc, tscinvbit, tscinv, bmi1

Memory: 4k page, physical 3617956k(241180k free), swap 6044836k(5564k free)

vm_info: Java HotSpot(TM) 64-Bit Server VM (25.73-b02) for windows-amd64 JRE (1.8.0_73-b02), built on Jan 29 2016 17:38:49 by "java_re" with MS VC++ 10.0 (VS2010)

time: Mon Jun 13 14:17:56 2016
elapsed time: 9 seconds (0d 0h 0m 9s)

