#
# There is insufficient memory for the Java Runtime Environment to continue.
# Native memory allocation (malloc) failed to allocate 1533648 bytes for Chunk::new
# Possible reasons:
#   The system is out of physical RAM or swap space
#   In 32 bit mode, the process size limit was hit
# Possible solutions:
#   Reduce memory load on the system
#   Increase physical memory or swap space
#   Check if swap backing store is full
#   Use 64 bit Java on a 64 bit OS
#   Decrease Java heap size (-Xmx/-Xms)
#   Decrease number of Java threads
#   Decrease Java thread stack sizes (-Xss)
#   Set larger code cache with -XX:ReservedCodeCacheSize=
# This output file may be truncated or incomplete.
#
#  Out of Memory Error (allocation.cpp:390), pid=5616, tid=4408
#
# JRE version: Java(TM) SE Runtime Environment (8.0_73-b02) (build 1.8.0_73-b02)
# Java VM: Java HotSpot(TM) 64-Bit Server VM (25.73-b02 mixed mode windows-amd64 compressed oops)
# Failed to write core dump. Minidumps are not enabled by default on client versions of Windows
#

---------------  T H R E A D  ---------------

Current thread (0x000000001493f000):  JavaThread "C2 CompilerThread1" daemon [_thread_in_native, id=4408, stack(0x0000000016070000,0x0000000016170000)]

Stack: [0x0000000016070000,0x0000000016170000]
[error occurred during error reporting (printing stack bounds), id 0xc0000005]

Native frames: (J=compiled Java code, j=interpreted, Vv=VM code, C=native code)


Current CompileTask:
C2:   9464 1447   !   4       com.android.dx.cf.code.BytecodeArray::parseInstruction (2764 bytes)


---------------  P R O C E S S  ---------------

Java Threads: ( => current thread )
  0x00000000164cc000 JavaThread "pool-2-thread-4" [_thread_in_Java, id=7080, stack(0x0000000016c70000,0x0000000016d70000)]
  0x00000000164cb000 JavaThread "pool-2-thread-3" [_thread_blocked, id=5088, stack(0x0000000016b70000,0x0000000016c70000)]
  0x00000000164ca800 JavaThread "pool-2-thread-2" [_thread_blocked, id=2532, stack(0x0000000016a70000,0x0000000016b70000)]
  0x00000000164c2800 JavaThread "pool-3-thread-1" [_thread_blocked, id=7764, stack(0x0000000016970000,0x0000000016a70000)]
  0x00000000164bf800 JavaThread "pool-2-thread-1" [_thread_blocked, id=3244, stack(0x0000000016870000,0x0000000016970000)]
  0x0000000016272800 JavaThread "Service Thread" daemon [_thread_blocked, id=9132, stack(0x0000000016670000,0x0000000016770000)]
  0x000000001499b800 JavaThread "C1 CompilerThread2" daemon [_thread_blocked, id=11152, stack(0x0000000016170000,0x0000000016270000)]
=>0x000000001493f000 JavaThread "C2 CompilerThread1" daemon [_thread_in_native, id=4408, stack(0x0000000016070000,0x0000000016170000)]
  0x0000000014938000 JavaThread "C2 CompilerThread0" daemon [_thread_in_native, id=5064, stack(0x0000000015f70000,0x0000000016070000)]
  0x0000000014936800 JavaThread "Attach Listener" daemon [_thread_blocked, id=2456, stack(0x0000000015e70000,0x0000000015f70000)]
  0x0000000014935000 JavaThread "Signal Dispatcher" daemon [_thread_blocked, id=10880, stack(0x0000000015d70000,0x0000000015e70000)]
  0x0000000002260000 JavaThread "Finalizer" daemon [_thread_blocked, id=1500, stack(0x0000000015b90000,0x0000000015c90000)]
  0x000000000225d000 JavaThread "Reference Handler" daemon [_thread_blocked, id=7432, stack(0x0000000015a90000,0x0000000015b90000)]
  0x0000000002170800 JavaThread "main" [_thread_blocked, id=312, stack(0x0000000001e70000,0x0000000001f70000)]

Other Threads:
  0x0000000014907000 VMThread [stack: 0x0000000015990000,0x0000000015a90000] [id=1588]
  0x000000001627a000 WatcherThread [stack: 0x0000000016770000,0x0000000016870000] [id=2436]

VM state:not at safepoint (normal execution)

VM Mutex/Monitor currently owned by a thread: None

Heap:
 PSYoungGen      total 31744K, used 20150K [0x00000000eab00000, 0x00000000ecc00000, 0x0000000100000000)
  eden space 29696K, 61% used [0x00000000eab00000,0x00000000ebcb3dc0,0x00000000ec800000)
  from space 2048K, 98% used [0x00000000eca00000,0x00000000ecbf9c88,0x00000000ecc00000)
  to   space 2048K, 0% used [0x00000000ec800000,0x00000000ec800000,0x00000000eca00000)
 ParOldGen       total 38400K, used 2835K [0x00000000c0000000, 0x00000000c2580000, 0x00000000eab00000)
  object space 38400K, 7% used [0x00000000c0000000,0x00000000c02c4e60,0x00000000c2580000)
 Metaspace       used 6177K, capacity 7088K, committed 7296K, reserved 1056768K
  class space    used 601K, capacity 616K, committed 640K, reserved 1048576K

Card table byte_map: [0x0000000011630000,0x0000000011840000] byte_map_base: 0x0000000011030000

Marking Bits: (ParMarkBitMap*) 0x0000000077f80600
 Begin Bits: [0x0000000011da0000, 0x0000000012da0000)
 End Bits:   [0x0000000012da0000, 0x0000000013da0000)

Polling page: 0x00000000001f0000

CodeCache: size=245760Kb used=5972Kb max_used=5972Kb free=239787Kb
 bounds [0x0000000002270000, 0x0000000002850000, 0x0000000011270000]
 total_blobs=1762 nmethods=1494 adapters=182
 compilation: enabled

Compilation events (10 events):
Event: 9.422 Thread 0x000000001499b800 1495       3       com.android.dx.cf.direct.MethodListParser::set (30 bytes)
Event: 9.423 Thread 0x000000001499b800 nmethod 1495 0x0000000002846910 code [0x0000000002846b00, 0x0000000002847538]
Event: 9.423 Thread 0x000000001499b800 1496       3       com.android.dx.cf.iface.StdMember::getDescriptor (8 bytes)
Event: 9.423 Thread 0x000000001499b800 nmethod 1496 0x0000000002847d90 code [0x0000000002847ee0, 0x00000000028480d0]
Event: 9.423 Thread 0x000000001499b800 1497       3       com.android.dx.rop.type.Prototype::intern (31 bytes)
Event: 9.423 Thread 0x000000001499b800 nmethod 1497 0x0000000002848190 code [0x0000000002848320, 0x00000000028486a8]
Event: 9.433 Thread 0x000000001499b800 1498       3       com.android.dx.util.ByteArray::<init> (9 bytes)
Event: 9.433 Thread 0x000000001499b800 nmethod 1498 0x0000000002848810 code [0x0000000002848980, 0x0000000002848b08]
Event: 9.434 Thread 0x000000001499b800 1499       3       com.android.dx.cf.attrib.AttCode::byteLength (29 bytes)
Event: 9.434 Thread 0x000000001499b800 nmethod 1499 0x0000000002848bd0 code [0x0000000002848da0, 0x0000000002849818]

GC Heap History (4 events):
Event: 4.736 GC heap before
{Heap before GC invocations=1 (full 0):
 PSYoungGen      total 16896K, used 14848K [0x00000000eab00000, 0x00000000ebd80000, 0x0000000100000000)
  eden space 14848K, 100% used [0x00000000eab00000,0x00000000eb980000,0x00000000eb980000)
  from space 2048K, 0% used [0x00000000ebb80000,0x00000000ebb80000,0x00000000ebd80000)
  to   space 2048K, 0% used [0x00000000eb980000,0x00000000eb980000,0x00000000ebb80000)
 ParOldGen       total 38400K, used 0K [0x00000000c0000000, 0x00000000c2580000, 0x00000000eab00000)
  object space 38400K, 0% used [0x00000000c0000000,0x00000000c0000000,0x00000000c2580000)
 Metaspace       used 5376K, capacity 6384K, committed 6528K, reserved 1056768K
  class space    used 587K, capacity 616K, committed 640K, reserved 1048576K
Event: 5.092 GC heap after
Heap after GC invocations=1 (full 0):
 PSYoungGen      total 16896K, used 2045K [0x00000000eab00000, 0x00000000ecc00000, 0x0000000100000000)
  eden space 14848K, 0% used [0x00000000eab00000,0x00000000eab00000,0x00000000eb980000)
  from space 2048K, 99% used [0x00000000eb980000,0x00000000ebb7f790,0x00000000ebb80000)
  to   space 2048K, 0% used [0x00000000eca00000,0x00000000eca00000,0x00000000ecc00000)
 ParOldGen       total 38400K, used 988K [0x00000000c0000000, 0x00000000c2580000, 0x00000000eab00000)
  object space 38400K, 2% used [0x00000000c0000000,0x00000000c00f70e8,0x00000000c2580000)
 Metaspace       used 5376K, capacity 6384K, committed 6528K, reserved 1056768K
  class space    used 587K, capacity 616K, committed 640K, reserved 1048576K
}
Event: 6.456 GC heap before
{Heap before GC invocations=2 (full 0):
 PSYoungGen      total 16896K, used 16893K [0x00000000eab00000, 0x00000000ecc00000, 0x0000000100000000)
  eden space 14848K, 100% used [0x00000000eab00000,0x00000000eb980000,0x00000000eb980000)
  from space 2048K, 99% used [0x00000000eb980000,0x00000000ebb7f790,0x00000000ebb80000)
  to   space 2048K, 0% used [0x00000000eca00000,0x00000000eca00000,0x00000000ecc00000)
 ParOldGen       total 38400K, used 988K [0x00000000c0000000, 0x00000000c2580000, 0x00000000eab00000)
  object space 38400K, 2% used [0x00000000c0000000,0x00000000c00f70e8,0x00000000c2580000)
 Metaspace       used 5951K, capacity 6896K, committed 7040K, reserved 1056768K
  class space    used 595K, capacity 616K, committed 640K, reserved 1048576K
Event: 6.468 GC heap after
Heap after GC invocations=2 (full 0):
 PSYoungGen      total 31744K, used 2023K [0x00000000eab00000, 0x00000000ecc00000, 0x0000000100000000)
  eden space 29696K, 0% used [0x00000000eab00000,0x00000000eab00000,0x00000000ec800000)
  from space 2048K, 98% used [0x00000000eca00000,0x00000000ecbf9c88,0x00000000ecc00000)
  to   space 2048K, 0% used [0x00000000ec800000,0x00000000ec800000,0x00000000eca00000)
 ParOldGen       total 38400K, used 2835K [0x00000000c0000000, 0x00000000c2580000, 0x00000000eab00000)
  object space 38400K, 7% used [0x00000000c0000000,0x00000000c02c4e60,0x00000000c2580000)
 Metaspace       used 5951K, capacity 6896K, committed 7040K, reserved 1056768K
  class space    used 595K, capacity 616K, committed 640K, reserved 1048576K
}

Deoptimization events (3 events):
Event: 1.883 Thread 0x0000000002170800 Uncommon trap: reason=unstable_if action=reinterpret pc=0x00000000023c3194 method=java.lang.String.compareTo(Ljava/lang/String;)I @ 38
Event: 6.083 Thread 0x00000000164cb000 Uncommon trap: reason=unstable_if action=reinterpret pc=0x00000000025d2f84 method=com.android.dx.rop.code.LocalItem.hashCode()I @ 25
Event: 6.134 Thread 0x00000000164ca800 Uncommon trap: reason=unstable_if action=reinterpret pc=0x00000000025adc1c method=com.android.dx.rop.cst.Constant.compareTo(Lcom/android/dx/rop/cst/Constant;)I @ 12

Internal exceptions (2 events):
Event: 0.621 Thread 0x0000000002170800 Exception <a 'java/lang/NoSuchMethodError': Method sun.misc.Unsafe.defineClass(Ljava/lang/String;[BII)Ljava/lang/Class; name or signature does not match> (0x00000000eab0d1b0) thrown at [D:\re\puppet\workspace\8-2-build-windows-amd64-cygwin\jdk8u73\6086\hot¨vH4ËÝã?
Event: 0.621 Thread 0x0000000002170800 Exception <a 'java/lang/NoSuchMethodError': Method sun.misc.Unsafe.prefetchRead(Ljava/lang/Object;J)V name or signature does not match> (0x00000000eab0d498) thrown at [D:\re\puppet\workspace\8-2-build-windows-amd64-cygwin\jdk8u73\6086\hotspot\src\share\vm\

Events (10 events):
Event: 9.325 loading class com/android/dx/dex/file/UniformListItem
Event: 9.325 loading class com/android/dx/dex/file/UniformListItem done
Event: 9.326 loading class com/android/dx/dex/file/AnnotationSetRefItem
Event: 9.326 loading class com/android/dx/dex/file/AnnotationSetRefItem done
Event: 9.350 loading class com/android/dx/cf/attrib/AttExceptions
Event: 9.350 loading class com/android/dx/cf/attrib/AttExceptions done
Event: 9.427 loading class com/android/dx/cf/attrib/AttRuntimeInvisibleAnnotations
Event: 9.427 loading class com/android/dx/cf/attrib/AttRuntimeInvisibleAnnotations done
Event: 9.431 loading class com/android/dx/cf/attrib/BaseAnnotations
Event: 9.431 loading class com/android/dx/cf/attrib/BaseAnnotations done


Dynamic libraries:
0x00007ff6129f0000 - 0x00007ff612a27000 	C:\Program Files\Java\jdk1.8.0_73\bin\java.exe
0x00007ffb7fc80000 - 0x00007ffb7fe41000 	C:\WINDOWS\SYSTEM32\ntdll.dll
0x00007ffb7ee90000 - 0x00007ffb7ef3d000 	C:\WINDOWS\system32\KERNEL32.DLL
0x00007ffb7c5e0000 - 0x00007ffb7c7c8000 	C:\WINDOWS\system32\KERNELBASE.dll
0x00007ffb7e880000 - 0x00007ffb7e927000 	C:\WINDOWS\system32\ADVAPI32.dll
0x00007ffb7f230000 - 0x00007ffb7f2cd000 	C:\WINDOWS\system32\msvcrt.dll
0x00007ffb7ea40000 - 0x00007ffb7ea9b000 	C:\WINDOWS\system32\sechost.dll
0x00007ffb7ef40000 - 0x00007ffb7f05c000 	C:\WINDOWS\system32\RPCRT4.dll
0x00007ffb7d150000 - 0x00007ffb7d2a6000 	C:\WINDOWS\system32\USER32.dll
0x00007ffb7f2d0000 - 0x00007ffb7f456000 	C:\WINDOWS\system32\GDI32.dll
0x00007ffb6e750000 - 0x00007ffb6e9c4000 	C:\WINDOWS\WinSxS\amd64_microsoft.windows.common-controls_6595b64144ccf1df_6.0.10586.0_none_8c15ae12515e1c22\COMCTL32.dll
0x00007ffb7f460000 - 0x00007ffb7f6dd000 	C:\WINDOWS\system32\combase.dll
0x00007ffb7c8d0000 - 0x00007ffb7c93a000 	C:\WINDOWS\system32\bcryptPrimitives.dll
0x00007ffb7f1e0000 - 0x00007ffb7f21b000 	C:\WINDOWS\system32\IMM32.DLL
0x0000000050120000 - 0x00000000501f2000 	C:\Program Files\Java\jdk1.8.0_73\jre\bin\msvcr100.dll
0x0000000077770000 - 0x0000000078000000 	C:\Program Files\Java\jdk1.8.0_73\jre\bin\server\jvm.dll
0x00007ffb7f220000 - 0x00007ffb7f228000 	C:\WINDOWS\system32\PSAPI.DLL
0x00007ffb76b40000 - 0x00007ffb76b49000 	C:\WINDOWS\SYSTEM32\WSOCK32.dll
0x00007ffb7ee20000 - 0x00007ffb7ee8b000 	C:\WINDOWS\system32\WS2_32.dll
0x00007ffb79c70000 - 0x00007ffb79c93000 	C:\WINDOWS\SYSTEM32\WINMM.dll
0x00007ffb7a830000 - 0x00007ffb7a83a000 	C:\WINDOWS\SYSTEM32\VERSION.dll
0x00007ffb79b80000 - 0x00007ffb79bac000 	C:\WINDOWS\SYSTEM32\WINMMBASE.dll
0x00007ffb7c7d0000 - 0x00007ffb7c813000 	C:\WINDOWS\system32\cfgmgr32.dll
0x0000000050620000 - 0x000000005062f000 	C:\Program Files\Java\jdk1.8.0_73\jre\bin\verify.dll
0x00000000505f0000 - 0x0000000050619000 	C:\Program Files\Java\jdk1.8.0_73\jre\bin\java.dll
0x00000000505d0000 - 0x00000000505e6000 	C:\Program Files\Java\jdk1.8.0_73\jre\bin\zip.dll
0x00007ffb7d320000 - 0x00007ffb7e87c000 	C:\WINDOWS\system32\SHELL32.dll
0x00007ffb7c940000 - 0x00007ffb7cf84000 	C:\WINDOWS\system32\windows.storage.dll
0x00007ffb7edc0000 - 0x00007ffb7ee12000 	C:\WINDOWS\system32\shlwapi.dll
0x00007ffb7c2a0000 - 0x00007ffb7c2af000 	C:\WINDOWS\system32\kernel.appcore.dll
0x00007ffb7c330000 - 0x00007ffb7c3e5000 	C:\WINDOWS\system32\shcore.dll
0x00007ffb7c2b0000 - 0x00007ffb7c2fb000 	C:\WINDOWS\system32\powrprof.dll
0x00007ffb7c300000 - 0x00007ffb7c314000 	C:\WINDOWS\system32\profapi.dll

VM Arguments:
jvm_args: -Djava.awt.headless=true -Xmx1024M -Dfile.encoding=windows-1252 -Duser.country=US -Duser.language=en -Duser.variant 
java_command: com.android.dx.command.Main --dex --force-jumbo --num-threads=4 --multi-dex --output D:\Project\AndroidStudio\kalbespgmobile\app\build\intermediates\transforms\dex\debug\folders\1000\10\internal_impl-23.4.0_af0dd6125732727f5811311588f766bd0484567d D:\Project\AndroidStudio\kalbespgmobile\app\build\intermediates\exploded-aar\com.android.support\support-v4\23.4.0\jars\libs\internal_impl-23.4.0.jar
java_class_path (initial): D:\Software\sdk\build-tools\23.0.3\lib\dx.jar
Launcher Type: SUN_STANDARD

Environment Variables:
PATH=C:\Program Files\Git\cmd
USERNAME=ASUS ZE
OS=Windows_NT
PROCESSOR_IDENTIFIER=AMD64 Family 21 Model 48 Stepping 1, AuthenticAMD



---------------  S Y S T E M  ---------------

OS: Windows 10.0 , 64 bit Build 10586 (10.0.10586.0)

CPU:total 4 (4 cores per cpu, 1 threads per core) family 21 model 48 stepping 1, cmov, cx8, fxsr, mmx, sse, sse2, sse3, ssse3, sse4.1, sse4.2, popcnt, avx, aes, clmul, mmxext, 3dnowpref, lzcnt, sse4a, tsc, tscinvbit, tscinv, bmi1

Memory: 4k page, physical 3617956k(243344k free), swap 6044836k(11664k free)

vm_info: Java HotSpot(TM) 64-Bit Server VM (25.73-b02) for windows-amd64 JRE (1.8.0_73-b02), built on Jan 29 2016 17:38:49 by "java_re" with MS VC++ 10.0 (VS2010)

time: Mon Jun 13 14:17:56 2016
elapsed time: 9 seconds (0d 0h 0m 9s)

