#
# There is insufficient memory for the Java Runtime Environment to continue.
# Native memory allocation (malloc) failed to allocate 193776 bytes for Chunk::new
# Possible reasons:
#   The system is out of physical RAM or swap space
#   In 32 bit mode, the process size limit was hit
# Possible solutions:
#   Reduce memory load on the system
#   Increase physical memory or swap space
#   Check if swap backing store is full
#   Use 64 bit Java on a 64 bit OS
#   Decrease Java heap size (-Xmx/-Xms)
#   Decrease number of Java threads
#   Decrease Java thread stack sizes (-Xss)
#   Set larger code cache with -XX:ReservedCodeCacheSize=
# This output file may be truncated or incomplete.
#
#  Out of Memory Error (allocation.cpp:390), pid=1660, tid=3336
#
# JRE version: Java(TM) SE Runtime Environment (8.0_73-b02) (build 1.8.0_73-b02)
# Java VM: Java HotSpot(TM) 64-Bit Server VM (25.73-b02 mixed mode windows-amd64 compressed oops)
# Failed to write core dump. Minidumps are not enabled by default on client versions of Windows
#

---------------  T H R E A D  ---------------

Current thread (0x0000000014a30000):  JavaThread "C2 CompilerThread1" daemon [_thread_in_native, id=3336, stack(0x0000000016170000,0x0000000016270000)]

Stack: [0x0000000016170000,0x0000000016270000]
[error occurred during error reporting (printing stack bounds), id 0xc0000005]

Native frames: (J=compiled Java code, j=interpreted, Vv=VM code, C=native code)


Current CompileTask:
C2:  24781 2872       4       java.util.HashMap::putVal (300 bytes)


---------------  P R O C E S S  ---------------

Java Threads: ( => current thread )
  0x0000000014a8e800 JavaThread "Service Thread" daemon [_thread_blocked, id=5064, stack(0x0000000016770000,0x0000000016870000)]
  0x0000000014a88000 JavaThread "C1 CompilerThread2" daemon [_thread_blocked, id=10740, stack(0x0000000016270000,0x0000000016370000)]
=>0x0000000014a30000 JavaThread "C2 CompilerThread1" daemon [_thread_in_native, id=3336, stack(0x0000000016170000,0x0000000016270000)]
  0x0000000014a28000 JavaThread "C2 CompilerThread0" daemon [_thread_blocked, id=8624, stack(0x0000000016070000,0x0000000016170000)]
  0x0000000014a26800 JavaThread "Attach Listener" daemon [_thread_blocked, id=8184, stack(0x0000000015f70000,0x0000000016070000)]
  0x0000000014a25000 JavaThread "Signal Dispatcher" daemon [_thread_blocked, id=5616, stack(0x0000000015e70000,0x0000000015f70000)]
  0x00000000022b0000 JavaThread "Finalizer" daemon [_thread_blocked, id=1512, stack(0x0000000015c90000,0x0000000015d90000)]
  0x00000000022ad000 JavaThread "Reference Handler" daemon [_thread_blocked, id=240, stack(0x0000000015b90000,0x0000000015c90000)]
  0x00000000021c0800 JavaThread "main" [_thread_in_native, id=11144, stack(0x0000000002090000,0x0000000002190000)]

Other Threads:
  0x00000000149f7000 VMThread [stack: 0x0000000015a90000,0x0000000015b90000] [id=8884]
  0x0000000016381800 WatcherThread [stack: 0x0000000016870000,0x0000000016970000] [id=5640]

VM state:not at safepoint (normal execution)

VM Mutex/Monitor currently owned by a thread: None

Heap:
 PSYoungGen      total 131072K, used 19268K [0x00000000eab00000, 0x00000000fbd00000, 0x0000000100000000)
  eden space 117248K, 12% used [0x00000000eab00000,0x00000000eb965810,0x00000000f1d80000)
  from space 13824K, 32% used [0x00000000f1d80000,0x00000000f21eba38,0x00000000f2b00000)
  to   space 23040K, 0% used [0x00000000fa680000,0x00000000fa680000,0x00000000fbd00000)
 ParOldGen       total 73728K, used 38161K [0x00000000c0000000, 0x00000000c4800000, 0x00000000eab00000)
  object space 73728K, 51% used [0x00000000c0000000,0x00000000c25446e8,0x00000000c4800000)
 Metaspace       used 7253K, capacity 7704K, committed 7936K, reserved 1056768K
  class space    used 675K, capacity 720K, committed 768K, reserved 1048576K

Card table byte_map: [0x0000000011720000,0x0000000011930000] byte_map_base: 0x0000000011120000

Marking Bits: (ParMarkBitMap*) 0x0000000077f80600
 Begin Bits: [0x0000000011e90000, 0x0000000012e90000)
 End Bits:   [0x0000000012e90000, 0x0000000013e90000)

Polling page: 0x0000000000440000

CodeCache: size=245760Kb used=13617Kb max_used=13630Kb free=232142Kb
 bounds [0x0000000002360000, 0x00000000030c0000, 0x0000000011360000]
 total_blobs=3094 nmethods=2818 adapters=189
 compilation: enabled

Compilation events (10 events):
Event: 23.990 Thread 0x0000000014a28000 2885       4       java.lang.Integer::reverseBytes (26 bytes)
Event: 23.991 Thread 0x0000000014a28000 nmethod 2885 0x000000000301d990 code [0x000000000301dac0, 0x000000000301db38]
Event: 23.991 Thread 0x0000000014a88000 2886       3       sun.security.provider.SHA::implCompress (491 bytes)
Event: 23.992 Thread 0x0000000014a88000 nmethod 2886 0x00000000030b42d0 code [0x00000000030b44c0, 0x00000000030b4da8]
Event: 23.993 Thread 0x0000000014a88000 2887       3       sun.security.provider.ByteArrayAccess::b2iBig64 (614 bytes)
Event: 23.993 Thread 0x0000000014a28000 2888 %     4       sun.security.provider.SHA::implCompress @ 12 (491 bytes)
Event: 23.994 Thread 0x0000000014a88000 nmethod 2887 0x00000000030b1910 code [0x00000000030b1b20, 0x00000000030b28e8]
Event: 24.029 Thread 0x0000000014a28000 nmethod 2888% 0x00000000030b8d10 code [0x00000000030b8e60, 0x00000000030b9938]
Event: 24.029 Thread 0x0000000014a28000 2889       4       sun.security.provider.ByteArrayAccess::b2iBig64 (614 bytes)
Event: 24.032 Thread 0x0000000014a28000 nmethod 2889 0x00000000030b1410 code [0x00000000030b1560, 0x00000000030b17b8]

GC Heap History (10 events):
Event: 11.185 GC heap before
{Heap before GC invocations=4 (full 0):
 PSYoungGen      total 31744K, used 31729K [0x00000000eab00000, 0x00000000ee900000, 0x0000000100000000)
  eden space 29696K, 100% used [0x00000000eab00000,0x00000000ec800000,0x00000000ec800000)
  from space 2048K, 99% used [0x00000000ec800000,0x00000000ec9fc688,0x00000000eca00000)
  to   space 2048K, 0% used [0x00000000ee700000,0x00000000ee700000,0x00000000ee900000)
 ParOldGen       total 38400K, used 8321K [0x00000000c0000000, 0x00000000c2580000, 0x00000000eab00000)
  object space 38400K, 21% used [0x00000000c0000000,0x00000000c08205c0,0x00000000c2580000)
 Metaspace       used 6229K, capacity 7088K, committed 7296K, reserved 1056768K
  class space    used 602K, capacity 616K, committed 640K, reserved 1048576K
Event: 11.440 GC heap after
Heap after GC invocations=4 (full 0):
 PSYoungGen      total 61440K, used 2033K [0x00000000eab00000, 0x00000000ee900000, 0x0000000100000000)
  eden space 59392K, 0% used [0x00000000eab00000,0x00000000eab00000,0x00000000ee500000)
  from space 2048K, 99% used [0x00000000ee700000,0x00000000ee8fc688,0x00000000ee900000)
  to   space 2048K, 0% used [0x00000000ee500000,0x00000000ee500000,0x00000000ee700000)
 ParOldGen       total 38400K, used 12617K [0x00000000c0000000, 0x00000000c2580000, 0x00000000eab00000)
  object space 38400K, 32% used [0x00000000c0000000,0x00000000c0c525d0,0x00000000c2580000)
 Metaspace       used 6229K, capacity 7088K, committed 7296K, reserved 1056768K
  class space    used 602K, capacity 616K, committed 640K, reserved 1048576K
}
Event: 14.045 GC heap before
{Heap before GC invocations=5 (full 0):
 PSYoungGen      total 61440K, used 61425K [0x00000000eab00000, 0x00000000ee900000, 0x0000000100000000)
  eden space 59392K, 100% used [0x00000000eab00000,0x00000000ee500000,0x00000000ee500000)
  from space 2048K, 99% used [0x00000000ee700000,0x00000000ee8fc688,0x00000000ee900000)
  to   space 2048K, 0% used [0x00000000ee500000,0x00000000ee500000,0x00000000ee700000)
 ParOldGen       total 38400K, used 12617K [0x00000000c0000000, 0x00000000c2580000, 0x00000000eab00000)
  object space 38400K, 32% used [0x00000000c0000000,0x00000000c0c525d0,0x00000000c2580000)
 Metaspace       used 6372K, capacity 7192K, committed 7424K, reserved 1056768K
  class space    used 623K, capacity 656K, committed 768K, reserved 1048576K
Event: 14.226 GC heap after
Heap after GC invocations=5 (full 0):
 PSYoungGen      total 61440K, used 2045K [0x00000000eab00000, 0x00000000f3700000, 0x0000000100000000)
  eden space 59392K, 0% used [0x00000000eab00000,0x00000000eab00000,0x00000000ee500000)
  from space 2048K, 99% used [0x00000000ee500000,0x00000000ee6ff768,0x00000000ee700000)
  to   space 12288K, 0% used [0x00000000f2b00000,0x00000000f2b00000,0x00000000f3700000)
 ParOldGen       total 38400K, used 22316K [0x00000000c0000000, 0x00000000c2580000, 0x00000000eab00000)
  object space 38400K, 58% used [0x00000000c0000000,0x00000000c15cb358,0x00000000c2580000)
 Metaspace       used 6372K, capacity 7192K, committed 7424K, reserved 1056768K
  class space    used 623K, capacity 656K, committed 768K, reserved 1048576K
}
Event: 16.247 GC heap before
{Heap before GC invocations=6 (full 0):
 PSYoungGen      total 61440K, used 61437K [0x00000000eab00000, 0x00000000f3700000, 0x0000000100000000)
  eden space 59392K, 100% used [0x00000000eab00000,0x00000000ee500000,0x00000000ee500000)
  from space 2048K, 99% used [0x00000000ee500000,0x00000000ee6ff768,0x00000000ee700000)
  to   space 12288K, 0% used [0x00000000f2b00000,0x00000000f2b00000,0x00000000f3700000)
 ParOldGen       total 38400K, used 22316K [0x00000000c0000000, 0x00000000c2580000, 0x00000000eab00000)
  object space 38400K, 58% used [0x00000000c0000000,0x00000000c15cb358,0x00000000c2580000)
 Metaspace       used 6408K, capacity 7192K, committed 7424K, reserved 1056768K
  class space    used 623K, capacity 656K, committed 768K, reserved 1048576K
Event: 16.559 GC heap after
Heap after GC invocations=6 (full 0):
 PSYoungGen      total 129536K, used 10678K [0x00000000eab00000, 0x00000000f3a00000, 0x0000000100000000)
  eden space 117248K, 0% used [0x00000000eab00000,0x00000000eab00000,0x00000000f1d80000)
  from space 12288K, 86% used [0x00000000f2b00000,0x00000000f356db78,0x00000000f3700000)
  to   space 13824K, 0% used [0x00000000f1d80000,0x00000000f1d80000,0x00000000f2b00000)
 ParOldGen       total 38400K, used 22316K [0x00000000c0000000, 0x00000000c2580000, 0x00000000eab00000)
  object space 38400K, 58% used [0x00000000c0000000,0x00000000c15cb358,0x00000000c2580000)
 Metaspace       used 6408K, capacity 7192K, committed 7424K, reserved 1056768K
  class space    used 623K, capacity 656K, committed 768K, reserved 1048576K
}
Event: 20.572 GC heap before
{Heap before GC invocations=7 (full 0):
 PSYoungGen      total 129536K, used 127926K [0x00000000eab00000, 0x00000000f3a00000, 0x0000000100000000)
  eden space 117248K, 100% used [0x00000000eab00000,0x00000000f1d80000,0x00000000f1d80000)
  from space 12288K, 86% used [0x00000000f2b00000,0x00000000f356db78,0x00000000f3700000)
  to   space 13824K, 0% used [0x00000000f1d80000,0x00000000f1d80000,0x00000000f2b00000)
 ParOldGen       total 38400K, used 22316K [0x00000000c0000000, 0x00000000c2580000, 0x00000000eab00000)
  object space 38400K, 58% used [0x00000000c0000000,0x00000000c15cb358,0x00000000c2580000)
 Metaspace       used 6813K, capacity 7480K, committed 7680K, reserved 1056768K
  class space    used 642K, capacity 688K, committed 768K, reserved 1048576K
Event: 20.738 GC heap after
Heap after GC invocations=7 (full 0):
 PSYoungGen      total 131072K, used 13804K [0x00000000eab00000, 0x00000000fbd00000, 0x0000000100000000)
  eden space 117248K, 0% used [0x00000000eab00000,0x00000000eab00000,0x00000000f1d80000)
  from space 13824K, 99% used [0x00000000f1d80000,0x00000000f2afb2d8,0x00000000f2b00000)
  to   space 23040K, 0% used [0x00000000fa680000,0x00000000fa680000,0x00000000fbd00000)
 ParOldGen       total 38400K, used 36009K [0x00000000c0000000, 0x00000000c2580000, 0x00000000eab00000)
  object space 38400K, 93% used [0x00000000c0000000,0x00000000c232a600,0x00000000c2580000)
 Metaspace       used 6813K, capacity 7480K, committed 7680K, reserved 1056768K
  class space    used 642K, capacity 688K, committed 768K, reserved 1048576K
}
Event: 20.738 GC heap before
{Heap before GC invocations=8 (full 1):
 PSYoungGen      total 131072K, used 13804K [0x00000000eab00000, 0x00000000fbd00000, 0x0000000100000000)
  eden space 117248K, 0% used [0x00000000eab00000,0x00000000eab00000,0x00000000f1d80000)
  from space 13824K, 99% used [0x00000000f1d80000,0x00000000f2afb2d8,0x00000000f2b00000)
  to   space 23040K, 0% used [0x00000000fa680000,0x00000000fa680000,0x00000000fbd00000)
 ParOldGen       total 38400K, used 36009K [0x00000000c0000000, 0x00000000c2580000, 0x00000000eab00000)
  object space 38400K, 93% used [0x00000000c0000000,0x00000000c232a600,0x00000000c2580000)
 Metaspace       used 6813K, capacity 7480K, committed 7680K, reserved 1056768K
  class space    used 642K, capacity 688K, committed 768K, reserved 1048576K
Event: 22.321 GC heap after
Heap after GC invocations=8 (full 1):
 PSYoungGen      total 131072K, used 4526K [0x00000000eab00000, 0x00000000fbd00000, 0x0000000100000000)
  eden space 117248K, 0% used [0x00000000eab00000,0x00000000eab00000,0x00000000f1d80000)
  from space 13824K, 32% used [0x00000000f1d80000,0x00000000f21eba38,0x00000000f2b00000)
  to   space 23040K, 0% used [0x00000000fa680000,0x00000000fa680000,0x00000000fbd00000)
 ParOldGen       total 73728K, used 38161K [0x00000000c0000000, 0x00000000c4800000, 0x00000000eab00000)
  object space 73728K, 51% used [0x00000000c0000000,0x00000000c25446e8,0x00000000c4800000)
 Metaspace       used 6813K, capacity 7480K, committed 7680K, reserved 1056768K
  class space    used 642K, capacity 688K, committed 768K, reserved 1048576K
}

Deoptimization events (10 events):
Event: 23.359 Thread 0x000000001660e800 Uncommon trap: reason=unstable_if action=reinterpret pc=0x000000000263fc3c method=java.lang.Long.numberOfTrailingZeros(J)I @ 3
Event: 23.438 Thread 0x000000001660e800 Uncommon trap: reason=unstable_if action=reinterpret pc=0x0000000002fb2c44 method=com.android.dx.util.ByteArrayAnnotatedOutput.writeByte(I)V @ 13
Event: 23.916 Thread 0x000000001660e800 Uncommon trap: reason=unstable_if action=reinterpret pc=0x0000000002ff0c38 method=com.android.dx.util.ByteArrayAnnotatedOutput.writeUleb128(I)I @ 4
Event: 23.916 Thread 0x000000001660e800 Uncommon trap: reason=unstable_if action=reinterpret pc=0x0000000002fd0188 method=com.android.dx.util.ByteArrayAnnotatedOutput.writeByte(I)V @ 13
Event: 23.969 Thread 0x000000001660e800 Uncommon trap: reason=unstable_if action=reinterpret pc=0x0000000002ee0728 method=java.lang.String.indexOf([CII[CIII)I @ 3
Event: 23.969 Thread 0x000000001660e800 Uncommon trap: reason=unstable_if action=reinterpret pc=0x0000000002663404 method=java.util.Arrays.copyOf([Ljava/lang/Object;ILjava/lang/Class;)[Ljava/lang/Object; @ 3
Event: 23.971 Thread 0x000000001660e800 Uncommon trap: reason=class_check action=maybe_recompile pc=0x0000000002dd8ec0 method=java.util.HashMap.putVal(ILjava/lang/Object;Ljava/lang/Object;ZZ)Ljava/lang/Object; @ 56
Event: 23.972 Thread 0x000000001660e800 Uncommon trap: reason=class_check action=maybe_recompile pc=0x0000000002dd8f64 method=java.util.HashMap.putVal(ILjava/lang/Object;Ljava/lang/Object;ZZ)Ljava/lang/Object; @ 152
Event: 23.972 Thread 0x000000001660e800 Uncommon trap: reason=class_check action=maybe_recompile pc=0x0000000002dd8ec0 method=java.util.HashMap.putVal(ILjava/lang/Object;Ljava/lang/Object;ZZ)Ljava/lang/Object; @ 56
Event: 23.972 Thread 0x000000001660e800 Uncommon trap: reason=class_check action=maybe_recompile pc=0x0000000002dd8ec0 method=java.util.HashMap.putVal(ILjava/lang/Object;Ljava/lang/Object;ZZ)Ljava/lang/Object; @ 56

Internal exceptions (6 events):
Event: 0.079 Thread 0x00000000021c0800 Exception <a 'java/lang/NoSuchMethodError': Method sun.misc.Unsafe.defineClass(Ljava/lang/String;[BII)Ljava/lang/Class; name or signature does not match> (0x00000000eab0d1b0) thrown at [D:\re\puppet\workspace\8-2-build-windows-amd64-cygwin\jdk8u73\6086\hotoÒœ=À(´?
Event: 0.079 Thread 0x00000000021c0800 Exception <a 'java/lang/NoSuchMethodError': Method sun.misc.Unsafe.prefetchRead(Ljava/lang/Object;J)V name or signature does not match> (0x00000000eab0d498) thrown at [D:\re\puppet\workspace\8-2-build-windows-amd64-cygwin\jdk8u73\6086\hotspot\src\share\vm\m¾Hd@
Event: 2.765 Thread 0x0000000016684800 Implicit null exception at 0x00000000026c84e2 to 0x00000000026c85d2
Event: 11.810 Thread 0x00000000021c0800 Exception <a 'java/lang/ArrayIndexOutOfBoundsException': 18> (0x00000000ebc34c60) thrown at [D:\re\puppet\workspace\8-2-build-windows-amd64-cygwin\jdk8u73\6086\hotspot\src\share\vm\interpreter\interpreterRuntime.cpp, line 366]
Event: 11.812 Thread 0x00000000021c0800 Exception <a 'java/lang/ArrayIndexOutOfBoundsException'> (0x00000000ebc367e0) thrown at [D:\re\puppet\workspace\8-2-build-windows-amd64-cygwin\jdk8u73\6086\hotspot\src\share\vm\runtime\sharedRuntime.cpp, line 605]
Event: 11.833 Thread 0x00000000021c0800 Exception <a 'java/lang/ArrayIndexOutOfBoundsException'> (0x00000000ebc37ac8) thrown at [D:\re\puppet\workspace\8-2-build-windows-amd64-cygwin\jdk8u73\6086\hotspot\src\share\vm\runtime\sharedRuntime.cpp, line 605]

Events (10 events):
Event: 23.987 loading class sun/security/jca/GetInstance$Instance done
Event: 23.987 loading class java/security/MessageDigest$Delegate
Event: 23.987 loading class java/security/MessageDigest$Delegate done
Event: 23.988 loading class sun/security/provider/ByteArrayAccess
Event: 23.988 loading class sun/security/provider/ByteArrayAccess done
Event: 24.009 loading class java/util/zip/Adler32
Event: 24.009 loading class java/util/zip/Adler32 done
Event: 24.012 Executing VM operation: RevokeBias
Event: 24.012 Executing VM operation: RevokeBias done
Event: 24.025 Thread 0x000000001660e800 Thread exited: 0x000000001660e800


Dynamic libraries:
0x00007ff632390000 - 0x00007ff6323c7000 	C:\Program Files\Java\jdk1.8.0_73\bin\java.exe
0x00007ffb7fc80000 - 0x00007ffb7fe41000 	C:\WINDOWS\SYSTEM32\ntdll.dll
0x00007ffb7ee90000 - 0x00007ffb7ef3d000 	C:\WINDOWS\system32\KERNEL32.DLL
0x00007ffb7c5e0000 - 0x00007ffb7c7c8000 	C:\WINDOWS\system32\KERNELBASE.dll
0x00007ffb7e880000 - 0x00007ffb7e927000 	C:\WINDOWS\system32\ADVAPI32.dll
0x00007ffb7f230000 - 0x00007ffb7f2cd000 	C:\WINDOWS\system32\msvcrt.dll
0x00007ffb7ea40000 - 0x00007ffb7ea9b000 	C:\WINDOWS\system32\sechost.dll
0x00007ffb7ef40000 - 0x00007ffb7f05c000 	C:\WINDOWS\system32\RPCRT4.dll
0x00007ffb7d150000 - 0x00007ffb7d2a6000 	C:\WINDOWS\system32\USER32.dll
0x00007ffb7f2d0000 - 0x00007ffb7f456000 	C:\WINDOWS\system32\GDI32.dll
0x00007ffb6e750000 - 0x00007ffb6e9c4000 	C:\WINDOWS\WinSxS\amd64_microsoft.windows.common-controls_6595b64144ccf1df_6.0.10586.0_none_8c15ae12515e1c22\COMCTL32.dll
0x00007ffb7f460000 - 0x00007ffb7f6dd000 	C:\WINDOWS\system32\combase.dll
0x00007ffb7c8d0000 - 0x00007ffb7c93a000 	C:\WINDOWS\system32\bcryptPrimitives.dll
0x00007ffb7f1e0000 - 0x00007ffb7f21b000 	C:\WINDOWS\system32\IMM32.DLL
0x0000000050120000 - 0x00000000501f2000 	C:\Program Files\Java\jdk1.8.0_73\jre\bin\msvcr100.dll
0x0000000077770000 - 0x0000000078000000 	C:\Program Files\Java\jdk1.8.0_73\jre\bin\server\jvm.dll
0x00007ffb7f220000 - 0x00007ffb7f228000 	C:\WINDOWS\system32\PSAPI.DLL
0x00007ffb75010000 - 0x00007ffb75019000 	C:\WINDOWS\SYSTEM32\WSOCK32.dll
0x00007ffb7ee20000 - 0x00007ffb7ee8b000 	C:\WINDOWS\system32\WS2_32.dll
0x00007ffb79c70000 - 0x00007ffb79c93000 	C:\WINDOWS\SYSTEM32\WINMM.dll
0x00007ffb7a830000 - 0x00007ffb7a83a000 	C:\WINDOWS\SYSTEM32\VERSION.dll
0x0000000002060000 - 0x000000000208c000 	C:\WINDOWS\SYSTEM32\WINMMBASE.dll
0x00007ffb7c7d0000 - 0x00007ffb7c813000 	C:\WINDOWS\system32\cfgmgr32.dll
0x0000000050620000 - 0x000000005062f000 	C:\Program Files\Java\jdk1.8.0_73\jre\bin\verify.dll
0x00000000505f0000 - 0x0000000050619000 	C:\Program Files\Java\jdk1.8.0_73\jre\bin\java.dll
0x00000000505d0000 - 0x00000000505e6000 	C:\Program Files\Java\jdk1.8.0_73\jre\bin\zip.dll
0x00007ffb7d320000 - 0x00007ffb7e87c000 	C:\WINDOWS\system32\SHELL32.dll
0x00007ffb7c940000 - 0x00007ffb7cf84000 	C:\WINDOWS\system32\windows.storage.dll
0x00007ffb7edc0000 - 0x00007ffb7ee12000 	C:\WINDOWS\system32\shlwapi.dll
0x00007ffb7c2a0000 - 0x00007ffb7c2af000 	C:\WINDOWS\system32\kernel.appcore.dll
0x00007ffb7c330000 - 0x00007ffb7c3e5000 	C:\WINDOWS\system32\shcore.dll
0x00007ffb7c2b0000 - 0x00007ffb7c2fb000 	C:\WINDOWS\system32\powrprof.dll
0x00007ffb7c300000 - 0x00007ffb7c314000 	C:\WINDOWS\system32\profapi.dll

VM Arguments:
jvm_args: -Djava.awt.headless=true -Xmx1024M -Dfile.encoding=windows-1252 -Duser.country=US -Duser.language=en -Duser.variant 
java_command: com.android.dx.command.Main --dex --force-jumbo --num-threads=4 --multi-dex --output D:\Project\AndroidStudio\kalbespgmobile\app\build\intermediates\transforms\dex\debug\folders\1000\10\com.android.support-appcompat-v7-23.4.0_4568ccea50b1ed0684e28f9518a9e6b0d738ed06 D:\Project\AndroidStudio\kalbespgmobile\app\build\intermediates\exploded-aar\com.android.support\appcompat-v7\23.4.0\jars\classes.jar
java_class_path (initial): D:\Software\sdk\build-tools\23.0.3\lib\dx.jar
Launcher Type: SUN_STANDARD

Environment Variables:
PATH=C:\Program Files\Git\cmd
USERNAME=ASUS ZE
OS=Windows_NT
PROCESSOR_IDENTIFIER=AMD64 Family 21 Model 48 Stepping 1, AuthenticAMD



---------------  S Y S T E M  ---------------

OS: Windows 10.0 , 64 bit Build 10586 (10.0.10586.0)

CPU:total 4 (4 cores per cpu, 1 threads per core) family 21 model 48 stepping 1, cmov, cx8, fxsr, mmx, sse, sse2, sse3, ssse3, sse4.1, sse4.2, popcnt, avx, aes, clmul, mmxext, 3dnowpref, lzcnt, sse4a, tsc, tscinvbit, tscinv, bmi1

Memory: 4k page, physical 3617956k(426244k free), swap 6044836k(40452k free)

vm_info: Java HotSpot(TM) 64-Bit Server VM (25.73-b02) for windows-amd64 JRE (1.8.0_73-b02), built on Jan 29 2016 17:38:49 by "java_re" with MS VC++ 10.0 (VS2010)

time: Tue Jun 14 10:36:55 2016
elapsed time: 30 seconds (0d 0h 0m 30s)

