#
# There is insufficient memory for the Java Runtime Environment to continue.
# Native memory allocation (malloc) failed to allocate 522416 bytes for Chunk::new
# Possible reasons:
#   The system is out of physical RAM or swap space
#   In 32 bit mode, the process size limit was hit
# Possible solutions:
#   Reduce memory load on the system
#   Increase physical memory or swap space
#   Check if swap backing store is full
#   Use 64 bit Java on a 64 bit OS
#   Decrease Java heap size (-Xmx/-Xms)
#   Decrease number of Java threads
#   Decrease Java thread stack sizes (-Xss)
#   Set larger code cache with -XX:ReservedCodeCacheSize=
# This output file may be truncated or incomplete.
#
#  Out of Memory Error (allocation.cpp:390), pid=8616, tid=3576
#
# JRE version: Java(TM) SE Runtime Environment (8.0_73-b02) (build 1.8.0_73-b02)
# Java VM: Java HotSpot(TM) 64-Bit Server VM (25.73-b02 mixed mode windows-amd64 compressed oops)
# Failed to write core dump. Minidumps are not enabled by default on client versions of Windows
#

---------------  T H R E A D  ---------------

Current thread (0x0000000014908000):  JavaThread "C2 CompilerThread0" daemon [_thread_in_native, id=3576, stack(0x0000000015f50000,0x0000000016050000)]

Stack: [0x0000000015f50000,0x0000000016050000]
[error occurred during error reporting (printing stack bounds), id 0xc0000005]

Native frames: (J=compiled Java code, j=interpreted, Vv=VM code, C=native code)


Current CompileTask:
C2:   7367 1280       4       com.android.dx.ssa.LiteralOpUpgrader$1::visitNonMoveInsn (203 bytes)


---------------  P R O C E S S  ---------------

Java Threads: ( => current thread )
  0x00000000162bf000 JavaThread "pool-3-thread-1" [_thread_blocked, id=1948, stack(0x0000000016950000,0x0000000016a50000)]
  0x00000000162ba000 JavaThread "pool-2-thread-1" [_thread_in_vm, id=3988, stack(0x0000000016850000,0x0000000016950000)]
  0x000000001496e800 JavaThread "Service Thread" daemon [_thread_blocked, id=5416, stack(0x0000000016650000,0x0000000016750000)]
  0x0000000016160800 JavaThread "C1 CompilerThread2" daemon [_thread_blocked, id=10624, stack(0x0000000016550000,0x0000000016650000)]
  0x000000001490f000 JavaThread "C2 CompilerThread1" daemon [_thread_in_native, id=10096, stack(0x0000000016050000,0x0000000016150000)]
=>0x0000000014908000 JavaThread "C2 CompilerThread0" daemon [_thread_in_native, id=3576, stack(0x0000000015f50000,0x0000000016050000)]
  0x0000000014906800 JavaThread "Attach Listener" daemon [_thread_blocked, id=1852, stack(0x0000000015e50000,0x0000000015f50000)]
  0x0000000014905000 JavaThread "Signal Dispatcher" daemon [_thread_blocked, id=4548, stack(0x0000000015d50000,0x0000000015e50000)]
  0x0000000002230000 JavaThread "Finalizer" daemon [_thread_blocked, id=6040, stack(0x0000000015b70000,0x0000000015c70000)]
  0x000000000222d000 JavaThread "Reference Handler" daemon [_thread_blocked, id=792, stack(0x0000000015a70000,0x0000000015b70000)]
  0x0000000002140800 JavaThread "main" [_thread_blocked, id=8632, stack(0x0000000001ea0000,0x0000000001fa0000)]

Other Threads:
  0x00000000148d7000 VMThread [stack: 0x0000000015970000,0x0000000015a70000] [id=848]
  0x0000000016168800 WatcherThread [stack: 0x0000000016750000,0x0000000016850000] [id=6168]

VM state:not at safepoint (normal execution)

VM Mutex/Monitor currently owned by a thread: None

Heap:
 PSYoungGen      total 16896K, used 9604K [0x00000000eab00000, 0x00000000ecc00000, 0x0000000100000000)
  eden space 14848K, 50% used [0x00000000eab00000,0x00000000eb265008,0x00000000eb980000)
  from space 2048K, 99% used [0x00000000ebb80000,0x00000000ebd7c020,0x00000000ebd80000)
  to   space 2048K, 0% used [0x00000000eb980000,0x00000000eb980000,0x00000000ebb80000)
 ParOldGen       total 38400K, used 4663K [0x00000000c0000000, 0x00000000c2580000, 0x00000000eab00000)
  object space 38400K, 12% used [0x00000000c0000000,0x00000000c048ddc8,0x00000000c2580000)
 Metaspace       used 6016K, capacity 6962K, committed 7040K, reserved 1056768K
  class space    used 602K, capacity 618K, committed 640K, reserved 1048576K

Card table byte_map: [0x0000000011600000,0x0000000011810000] byte_map_base: 0x0000000011000000

Marking Bits: (ParMarkBitMap*) 0x0000000077f80600
 Begin Bits: [0x0000000011d70000, 0x0000000012d70000)
 End Bits:   [0x0000000012d70000, 0x0000000013d70000)

Polling page: 0x00000000001f0000

CodeCache: size=245760Kb used=5338Kb max_used=5338Kb free=240421Kb
 bounds [0x0000000002240000, 0x0000000002790000, 0x0000000011240000]
 total_blobs=1551 nmethods=1283 adapters=182
 compilation: enabled

Compilation events (10 events):
Event: 6.982 Thread 0x0000000014908000 1247   !   4       com.android.dx.rop.cst.StdConstantPool::getOrNull (13 bytes)
Event: 6.983 Thread 0x000000001490f000 nmethod 1244 0x0000000002766150 code [0x00000000027662c0, 0x00000000027664d8]
Event: 6.983 Thread 0x000000001490f000 1252       4       com.android.dx.rop.code.RegisterSpec::equals (60 bytes)
Event: 6.983 Thread 0x0000000014908000 nmethod 1247 0x0000000002765ed0 code [0x0000000002766000, 0x0000000002766098]
Event: 6.988 Thread 0x000000001490f000 nmethod 1252 0x0000000002763010 code [0x0000000002763160, 0x00000000027634d8]
Event: 7.327 Thread 0x0000000016160800 1278       3       com.android.dx.cf.iface.StdMethodList::get (9 bytes)
Event: 7.327 Thread 0x0000000016160800 nmethod 1278 0x0000000002765990 code [0x0000000002765b00, 0x0000000002765e08]
Event: 7.328 Thread 0x0000000016160800 1279       3       com.android.dx.rop.code.AccessFlags::isPrivate (12 bytes)
Event: 7.328 Thread 0x0000000016160800 nmethod 1279 0x00000000027681d0 code [0x0000000002768320, 0x00000000027684b0]
Event: 7.330 Thread 0x0000000014908000 1280       4       com.android.dx.ssa.LiteralOpUpgrader$1::visitNonMoveInsn (203 bytes)

GC Heap History (4 events):
Event: 4.501 GC heap before
{Heap before GC invocations=1 (full 0):
 PSYoungGen      total 16896K, used 14848K [0x00000000eab00000, 0x00000000ebd80000, 0x0000000100000000)
  eden space 14848K, 100% used [0x00000000eab00000,0x00000000eb980000,0x00000000eb980000)
  from space 2048K, 0% used [0x00000000ebb80000,0x00000000ebb80000,0x00000000ebd80000)
  to   space 2048K, 0% used [0x00000000eb980000,0x00000000eb980000,0x00000000ebb80000)
 ParOldGen       total 38400K, used 0K [0x00000000c0000000, 0x00000000c2580000, 0x00000000eab00000)
  object space 38400K, 0% used [0x00000000c0000000,0x00000000c0000000,0x00000000c2580000)
 Metaspace       used 5827K, capacity 6832K, committed 7040K, reserved 1056768K
  class space    used 599K, capacity 616K, committed 640K, reserved 1048576K
Event: 4.513 GC heap after
Heap after GC invocations=1 (full 0):
 PSYoungGen      total 16896K, used 2026K [0x00000000eab00000, 0x00000000ebd80000, 0x0000000100000000)
  eden space 14848K, 0% used [0x00000000eab00000,0x00000000eab00000,0x00000000eb980000)
  from space 2048K, 98% used [0x00000000eb980000,0x00000000ebb7aa90,0x00000000ebb80000)
  to   space 2048K, 0% used [0x00000000ebb80000,0x00000000ebb80000,0x00000000ebd80000)
 ParOldGen       total 38400K, used 2425K [0x00000000c0000000, 0x00000000c2580000, 0x00000000eab00000)
  object space 38400K, 6% used [0x00000000c0000000,0x00000000c025e518,0x00000000c2580000)
 Metaspace       used 5827K, capacity 6832K, committed 7040K, reserved 1056768K
  class space    used 599K, capacity 616K, committed 640K, reserved 1048576K
}
Event: 6.309 GC heap before
{Heap before GC invocations=2 (full 0):
 PSYoungGen      total 16896K, used 16874K [0x00000000eab00000, 0x00000000ebd80000, 0x0000000100000000)
  eden space 14848K, 100% used [0x00000000eab00000,0x00000000eb980000,0x00000000eb980000)
  from space 2048K, 98% used [0x00000000eb980000,0x00000000ebb7aa90,0x00000000ebb80000)
  to   space 2048K, 0% used [0x00000000ebb80000,0x00000000ebb80000,0x00000000ebd80000)
 ParOldGen       total 38400K, used 2425K [0x00000000c0000000, 0x00000000c2580000, 0x00000000eab00000)
  object space 38400K, 6% used [0x00000000c0000000,0x00000000c025e518,0x00000000c2580000)
 Metaspace       used 5990K, capacity 6962K, committed 7040K, reserved 1056768K
  class space    used 602K, capacity 618K, committed 640K, reserved 1048576K
Event: 6.346 GC heap after
Heap after GC invocations=2 (full 0):
 PSYoungGen      total 16896K, used 2032K [0x00000000eab00000, 0x00000000ecc00000, 0x0000000100000000)
  eden space 14848K, 0% used [0x00000000eab00000,0x00000000eab00000,0x00000000eb980000)
  from space 2048K, 99% used [0x00000000ebb80000,0x00000000ebd7c020,0x00000000ebd80000)
  to   space 2048K, 0% used [0x00000000eb980000,0x00000000eb980000,0x00000000ebb80000)
 ParOldGen       total 38400K, used 4663K [0x00000000c0000000, 0x00000000c2580000, 0x00000000eab00000)
  object space 38400K, 12% used [0x00000000c0000000,0x00000000c048ddc8,0x00000000c2580000)
 Metaspace       used 5990K, capacity 6962K, committed 7040K, reserved 1056768K
  class space    used 602K, capacity 618K, committed 640K, reserved 1048576K
}

Deoptimization events (10 events):
Event: 6.238 Thread 0x00000000163a3000 Uncommon trap: reason=unstable_if action=reinterpret pc=0x00000000025bf6a0 method=com.android.dx.rop.code.RegisterSpec.equals(ILcom/android/dx/rop/type/TypeBearer;Lcom/android/dx/rop/code/LocalItem;)Z @ 42
Event: 6.272 Thread 0x00000000162ba000 Uncommon trap: reason=bimorphic action=maybe_recompile pc=0x0000000002624aac method=java.util.HashMap.getNode(ILjava/lang/Object;)Ljava/util/HashMap$Node; @ 126
Event: 6.273 Thread 0x00000000162ba000 Uncommon trap: reason=class_check action=maybe_recompile pc=0x0000000002691278 method=java.util.HashMap.putVal(ILjava/lang/Object;Ljava/lang/Object;ZZ)Ljava/lang/Object; @ 203
Event: 6.583 Thread 0x00000000163a4000 Uncommon trap: reason=unstable_if action=reinterpret pc=0x00000000025e2f80 method=com.android.dx.rop.code.RegisterSpecSet.put(Lcom/android/dx/rop/code/RegisterSpec;)V @ 77
Event: 6.593 Thread 0x00000000163a4000 Uncommon trap: reason=bimorphic action=maybe_recompile pc=0x0000000002624aac method=java.util.HashMap.getNode(ILjava/lang/Object;)Ljava/util/HashMap$Node; @ 126
Event: 6.593 Thread 0x00000000163a4000 Uncommon trap: reason=class_check action=maybe_recompile pc=0x0000000002691278 method=java.util.HashMap.putVal(ILjava/lang/Object;Ljava/lang/Object;ZZ)Ljava/lang/Object; @ 203
Event: 6.662 Thread 0x00000000163a3000 Uncommon trap: reason=bimorphic action=maybe_recompile pc=0x00000000026a9ed0 method=com.android.dx.cf.code.BytecodeArray.parseInstruction(ILcom/android/dx/cf/code/BytecodeArray$Visitor;)I @ 1035
Event: 6.662 Thread 0x00000000163a3000 Uncommon trap: reason=bimorphic action=maybe_recompile pc=0x00000000026a9e58 method=com.android.dx.cf.code.BytecodeArray.parseInstruction(ILcom/android/dx/cf/code/BytecodeArray$Visitor;)I @ 1051
Event: 6.662 Thread 0x00000000163a3000 Uncommon trap: reason=bimorphic action=maybe_recompile pc=0x00000000026a9e58 method=com.android.dx.cf.code.BytecodeArray.parseInstruction(ILcom/android/dx/cf/code/BytecodeArray$Visitor;)I @ 1051
Event: 6.662 Thread 0x00000000163a3000 Uncommon trap: reason=bimorphic action=maybe_recompile pc=0x00000000026a9ed0 method=com.android.dx.cf.code.BytecodeArray.parseInstruction(ILcom/android/dx/cf/code/BytecodeArray$Visitor;)I @ 1035

Internal exceptions (3 events):
Event: 0.983 Thread 0x0000000002140800 Exception <a 'java/lang/NoSuchMethodError': Method sun.misc.Unsafe.defineClass(Ljava/lang/String;[BII)Ljava/lang/Class; name or signature does not match> (0x00000000eab0d1e0) thrown at [D:\re\puppet\workspace\8-2-build-windows-amd64-cygwin\jdk8u73\6086\hotêz0%xÔ?
Event: 0.983 Thread 0x0000000002140800 Exception <a 'java/lang/NoSuchMethodError': Method sun.misc.Unsafe.prefetchRead(Ljava/lang/Object;J)V name or signature does not match> (0x00000000eab0d4c8) thrown at [D:\re\puppet\workspace\8-2-build-windows-amd64-cygwin\jdk8u73\6086\hotspot\src\share\vm\ZJÁüÈ@
Event: 6.228 Thread 0x00000000163a3000 Implicit null exception at 0x00000000025b5b62 to 0x00000000025b5c52

Events (10 events):
Event: 6.662 Thread 0x00000000163a3000 DEOPT UNPACKING pc=0x000000000228582a sp=0x0000000016c4ec48 mode 2
Event: 6.662 Thread 0x00000000163a3000 Uncommon trap: trap_request=0xffffffc6 fr.pc=0x00000000026a9e58
Event: 6.662 Thread 0x00000000163a3000 DEOPT PACKING pc=0x00000000026a9e58 sp=0x0000000016c4eca0
Event: 6.662 Thread 0x00000000163a3000 DEOPT UNPACKING pc=0x000000000228582a sp=0x0000000016c4ec48 mode 2
Event: 6.662 Thread 0x00000000163a3000 Uncommon trap: trap_request=0xffffffc6 fr.pc=0x00000000026a9ed0
Event: 6.662 Thread 0x00000000163a3000 DEOPT PACKING pc=0x00000000026a9ed0 sp=0x0000000016c4eca0
Event: 6.662 Thread 0x00000000163a3000 DEOPT UNPACKING pc=0x000000000228582a sp=0x0000000016c4ec48 mode 2
Event: 6.687 Thread 0x00000000163a3000 Thread exited: 0x00000000163a3000
Event: 6.699 Thread 0x00000000163a4000 Thread exited: 0x00000000163a4000
Event: 6.727 Thread 0x00000000162c8800 Thread exited: 0x00000000162c8800


Dynamic libraries:
0x00007ff6129f0000 - 0x00007ff612a27000 	C:\Program Files\Java\jdk1.8.0_73\bin\java.exe
0x00007ffb7fc80000 - 0x00007ffb7fe41000 	C:\WINDOWS\SYSTEM32\ntdll.dll
0x00007ffb7ee90000 - 0x00007ffb7ef3d000 	C:\WINDOWS\system32\KERNEL32.DLL
0x00007ffb7c5e0000 - 0x00007ffb7c7c8000 	C:\WINDOWS\system32\KERNELBASE.dll
0x00007ffb7e880000 - 0x00007ffb7e927000 	C:\WINDOWS\system32\ADVAPI32.dll
0x00007ffb7f230000 - 0x00007ffb7f2cd000 	C:\WINDOWS\system32\msvcrt.dll
0x00007ffb7ea40000 - 0x00007ffb7ea9b000 	C:\WINDOWS\system32\sechost.dll
0x00007ffb7ef40000 - 0x00007ffb7f05c000 	C:\WINDOWS\system32\RPCRT4.dll
0x00007ffb7d150000 - 0x00007ffb7d2a6000 	C:\WINDOWS\system32\USER32.dll
0x00007ffb7f2d0000 - 0x00007ffb7f456000 	C:\WINDOWS\system32\GDI32.dll
0x00007ffb6e750000 - 0x00007ffb6e9c4000 	C:\WINDOWS\WinSxS\amd64_microsoft.windows.common-controls_6595b64144ccf1df_6.0.10586.0_none_8c15ae12515e1c22\COMCTL32.dll
0x00007ffb7f460000 - 0x00007ffb7f6dd000 	C:\WINDOWS\system32\combase.dll
0x00007ffb7c8d0000 - 0x00007ffb7c93a000 	C:\WINDOWS\system32\bcryptPrimitives.dll
0x00007ffb7f1e0000 - 0x00007ffb7f21b000 	C:\WINDOWS\system32\IMM32.DLL
0x0000000050120000 - 0x00000000501f2000 	C:\Program Files\Java\jdk1.8.0_73\jre\bin\msvcr100.dll
0x0000000077770000 - 0x0000000078000000 	C:\Program Files\Java\jdk1.8.0_73\jre\bin\server\jvm.dll
0x00007ffb7f220000 - 0x00007ffb7f228000 	C:\WINDOWS\system32\PSAPI.DLL
0x00007ffb76b40000 - 0x00007ffb76b49000 	C:\WINDOWS\SYSTEM32\WSOCK32.dll
0x00007ffb7ee20000 - 0x00007ffb7ee8b000 	C:\WINDOWS\system32\WS2_32.dll
0x00007ffb79c70000 - 0x00007ffb79c93000 	C:\WINDOWS\SYSTEM32\WINMM.dll
0x00007ffb7a830000 - 0x00007ffb7a83a000 	C:\WINDOWS\SYSTEM32\VERSION.dll
0x00007ffb79b80000 - 0x00007ffb79bac000 	C:\WINDOWS\SYSTEM32\WINMMBASE.dll
0x00007ffb7c7d0000 - 0x00007ffb7c813000 	C:\WINDOWS\system32\cfgmgr32.dll
0x0000000050620000 - 0x000000005062f000 	C:\Program Files\Java\jdk1.8.0_73\jre\bin\verify.dll
0x00000000505f0000 - 0x0000000050619000 	C:\Program Files\Java\jdk1.8.0_73\jre\bin\java.dll
0x00000000505d0000 - 0x00000000505e6000 	C:\Program Files\Java\jdk1.8.0_73\jre\bin\zip.dll
0x00007ffb7d320000 - 0x00007ffb7e87c000 	C:\WINDOWS\system32\SHELL32.dll
0x00007ffb7c940000 - 0x00007ffb7cf84000 	C:\WINDOWS\system32\windows.storage.dll
0x00007ffb7edc0000 - 0x00007ffb7ee12000 	C:\WINDOWS\system32\shlwapi.dll
0x00007ffb7c2a0000 - 0x00007ffb7c2af000 	C:\WINDOWS\system32\kernel.appcore.dll
0x00007ffb7c330000 - 0x00007ffb7c3e5000 	C:\WINDOWS\system32\shcore.dll
0x00007ffb7c2b0000 - 0x00007ffb7c2fb000 	C:\WINDOWS\system32\powrprof.dll
0x00007ffb7c300000 - 0x00007ffb7c314000 	C:\WINDOWS\system32\profapi.dll

VM Arguments:
jvm_args: -Djava.awt.headless=true -Xmx1024M -Dfile.encoding=windows-1252 -Duser.country=US -Duser.language=en -Duser.variant 
java_command: com.android.dx.command.Main --dex --force-jumbo --num-threads=4 --multi-dex --output D:\Project\AndroidStudio\kalbespgmobile\app\build\intermediates\transforms\dex\debug\folders\1000\10\com.android.support-support-vector-drawable-23.4.0_af2adf6fb4cb64941e0aacbc49907f9d1f01e766 D:\Project\AndroidStudio\kalbespgmobile\app\build\intermediates\exploded-aar\com.android.support\support-vector-drawable\23.4.0\jars\classes.jar
java_class_path (initial): D:\Software\sdk\build-tools\23.0.3\lib\dx.jar
Launcher Type: SUN_STANDARD

Environment Variables:
PATH=C:\Program Files\Git\cmd
USERNAME=ASUS ZE
OS=Windows_NT
PROCESSOR_IDENTIFIER=AMD64 Family 21 Model 48 Stepping 1, AuthenticAMD



---------------  S Y S T E M  ---------------

OS: Windows 10.0 , 64 bit Build 10586 (10.0.10586.0)

CPU:total 4 (4 cores per cpu, 1 threads per core) family 21 model 48 stepping 1, cmov, cx8, fxsr, mmx, sse, sse2, sse3, ssse3, sse4.1, sse4.2, popcnt, avx, aes, clmul, mmxext, 3dnowpref, lzcnt, sse4a, tsc, tscinvbit, tscinv, bmi1

Memory: 4k page, physical 3617956k(292696k free), swap 6044836k(14444k free)

vm_info: Java HotSpot(TM) 64-Bit Server VM (25.73-b02) for windows-amd64 JRE (1.8.0_73-b02), built on Jan 29 2016 17:38:49 by "java_re" with MS VC++ 10.0 (VS2010)

time: Mon Jun 13 14:17:33 2016
elapsed time: 7 seconds (0d 0h 0m 7s)

